Created by PLY version 3.11 (http://www.dabeaz.com/ply)

Grammar

Rule 0     S' -> S
Rule 1     S -> ADVP PUNCTUATION ADVP PUNCTUATION
Rule 2     S -> VP CP PUNCTUATION
Rule 3     S -> ADVP LPAREN INTERJECTIONS NP RPAREN PUNCTUATION
Rule 4     S -> ADVP LPAREN VP RPAREN PUNCTUATION
Rule 5     S -> ADVP PUNCTUATION
Rule 6     S -> VP LPAREN PP RPAREN PUNCTUATION
Rule 7     S -> CP LPAREN CP RPAREN PUNCTUATION
Rule 8     S -> VP VP ADJP LPAREN ADVP RPAREN PUNCTUATION
Rule 9     S -> ADVP VP PP LPAREN ADVP RPAREN PUNCTUATION
Rule 10    S -> VP NP PP PUNCTUATION
Rule 11    S -> VP ADVP ADJP PUNCTUATION
Rule 12    S -> VP LPAREN VP PP RPAREN PUNCTUATION
Rule 13    S -> VP PP ADJP PUNCTUATION
Rule 14    S -> CP VP NP PUNCTUATION
Rule 15    S -> VP VP PUNCTUATION
Rule 16    S -> ADVP PP PUNCTUATION
Rule 17    S -> ADVP LPAREN INTERJECTIONS RPAREN PUNCTUATION
Rule 18    S -> VP LPAREN VP RPAREN PUNCTUATION
Rule 19    S -> ADVP LPAREN INTERJECTIONS NOUNS RPAREN PUNCTUATION
Rule 20    S -> VP VP VP ADJP LPAREN ADVP RPAREN PUNCTUATION
Rule 21    S -> VP CP LPAREN CONJUNCTIONS VP RPAREN PUNCTUATION
Rule 22    S -> VP LPAREN VERBS VERBS PP RPAREN PUNCTUATION
Rule 23    S -> VP LPAREN PP RPAREN
Rule 24    ADVP -> ADVERBS NOUNS
Rule 25    ADVP -> ADVERBS VERBS
Rule 26    ADVP -> ADVERBS VERBS ADJP
Rule 27    ADVP -> ADVERBS VERBS ADVERBS
Rule 28    ADVP -> ADVERBS VERBS ADVERBS NOUNS
Rule 29    ADVP -> ADVERBS PP
Rule 30    ADVP -> ADVERBS VERBS DETERMINANT VERBS NOUNS
Rule 31    VP -> VERBS VERBS ADVERBS
Rule 32    VP -> VERBS ADVERBS
Rule 33    VP -> PRONOUNS VERBS PRONOUNS
Rule 34    VP -> PRONOUNS VERBS
Rule 35    VP -> PRONOUNS VERBS VERBS ADVERBS
Rule 36    VP -> VERBS PRONOUNS ADVERBS
Rule 37    VP -> VERBS ADVERBS VERBS
Rule 38    VP -> PRONOUNS VERBS VERBS ADVERBS NOUNS
Rule 39    VP -> VERBS ADJECTIVES NOUNS
Rule 40    VP -> ARTICLES NOUNS VERBS ADVERBS VERBS VERBS DETERMINANT
Rule 41    VP -> VERBS NOUNS PP
Rule 42    VP -> VERBS ADJECTIVES
Rule 43    VP -> VERBS PRONOUNS NOUNS ARTICLES VERBS
Rule 44    NP -> NOUNS PREPOSITIONS ADJECTIVES
Rule 45    NP -> PRONOUNS NOUNS
Rule 46    NP -> ARTICLES NOUNS
Rule 47    NP -> DETERMINANT NOUNS
Rule 48    PP -> PREPOSITIONS NP VP
Rule 49    PP -> PREPOSITIONS VERBS
Rule 50    PP -> PREPOSITIONS ADJP
Rule 51    PP -> PREPOSITIONS NP
Rule 52    PP -> PREPOSITIONS NOUNS
Rule 53    PP -> PREPOSITIONS PRONOUNS PRONOUNS NOUNS
Rule 54    PP -> PREPOSITIONS ARTICLES NOUNS PREPOSITIONS NOUNS DETERMINANT
Rule 55    PP -> PREPOSITIONS ARTICLES NOUNS
Rule 56    PP -> PREPOSITIONS NP ARTICLES VERBS
Rule 57    CP -> CONJUNCTIONS VP
Rule 58    CP -> CONJUNCTIONS CONJUNCTIONS
Rule 59    ADJP -> DETERMINANT ADJECTIVES NOUNS
Rule 60    ADJP -> ARTICLES ADJECTIVES NOUNS
Rule 61    ADJP -> DETERMINANT ADJECTIVES
Rule 62    ADJP -> PRONOUNS ADJECTIVES NOUNS
Rule 63    ADJP -> NOUNS ADJECTIVES

Terminals, with rules where they appear

ADJECTIVES           : 39 42 44 59 60 61 62 63
ADVERBS              : 24 25 26 27 27 28 28 29 30 31 32 35 36 37 38 40
ARTICLES             : 40 43 46 54 55 56 60
CONJUNCTIONS         : 21 57 58 58
DETERMINANT          : 30 40 47 54 59 61
INTERJECTIONS        : 3 17 19
LPAREN               : 3 4 6 7 8 9 12 17 18 19 20 21 22 23
NOUNS                : 19 24 28 30 38 39 40 41 43 44 45 46 47 52 53 54 54 55 59 60 62 63
PREPOSITIONS         : 44 48 49 50 51 52 53 54 54 55 56
PRONOUNS             : 33 33 34 35 36 38 43 45 53 53 62
PUNCTUATION          : 1 1 2 3 4 5 6 7 8 9 10 11 12 13 14 15 16 17 18 19 20 21 22
RPAREN               : 3 4 6 7 8 9 12 17 18 19 20 21 22 23
VERBS                : 22 22 25 26 27 28 30 30 31 31 32 33 34 35 35 36 37 37 38 38 39 40 40 40 41 42 43 43 49 56
error                : 

Nonterminals, with rules where they appear

ADJP                 : 8 11 13 20 26 50
ADVP                 : 1 1 3 4 5 8 9 9 11 16 17 19 20
CP                   : 2 7 7 14 21
NP                   : 3 10 14 48 51 56
PP                   : 6 9 10 12 13 16 22 23 29 41
S                    : 0
VP                   : 2 4 6 8 8 9 10 11 12 12 13 14 15 15 18 18 20 20 20 21 21 22 23 48 57

Parsing method: LALR

state 0

    (0) S' -> . S
    (1) S -> . ADVP PUNCTUATION ADVP PUNCTUATION
    (2) S -> . VP CP PUNCTUATION
    (3) S -> . ADVP LPAREN INTERJECTIONS NP RPAREN PUNCTUATION
    (4) S -> . ADVP LPAREN VP RPAREN PUNCTUATION
    (5) S -> . ADVP PUNCTUATION
    (6) S -> . VP LPAREN PP RPAREN PUNCTUATION
    (7) S -> . CP LPAREN CP RPAREN PUNCTUATION
    (8) S -> . VP VP ADJP LPAREN ADVP RPAREN PUNCTUATION
    (9) S -> . ADVP VP PP LPAREN ADVP RPAREN PUNCTUATION
    (10) S -> . VP NP PP PUNCTUATION
    (11) S -> . VP ADVP ADJP PUNCTUATION
    (12) S -> . VP LPAREN VP PP RPAREN PUNCTUATION
    (13) S -> . VP PP ADJP PUNCTUATION
    (14) S -> . CP VP NP PUNCTUATION
    (15) S -> . VP VP PUNCTUATION
    (16) S -> . ADVP PP PUNCTUATION
    (17) S -> . ADVP LPAREN INTERJECTIONS RPAREN PUNCTUATION
    (18) S -> . VP LPAREN VP RPAREN PUNCTUATION
    (19) S -> . ADVP LPAREN INTERJECTIONS NOUNS RPAREN PUNCTUATION
    (20) S -> . VP VP VP ADJP LPAREN ADVP RPAREN PUNCTUATION
    (21) S -> . VP CP LPAREN CONJUNCTIONS VP RPAREN PUNCTUATION
    (22) S -> . VP LPAREN VERBS VERBS PP RPAREN PUNCTUATION
    (23) S -> . VP LPAREN PP RPAREN
    (24) ADVP -> . ADVERBS NOUNS
    (25) ADVP -> . ADVERBS VERBS
    (26) ADVP -> . ADVERBS VERBS ADJP
    (27) ADVP -> . ADVERBS VERBS ADVERBS
    (28) ADVP -> . ADVERBS VERBS ADVERBS NOUNS
    (29) ADVP -> . ADVERBS PP
    (30) ADVP -> . ADVERBS VERBS DETERMINANT VERBS NOUNS
    (31) VP -> . VERBS VERBS ADVERBS
    (32) VP -> . VERBS ADVERBS
    (33) VP -> . PRONOUNS VERBS PRONOUNS
    (34) VP -> . PRONOUNS VERBS
    (35) VP -> . PRONOUNS VERBS VERBS ADVERBS
    (36) VP -> . VERBS PRONOUNS ADVERBS
    (37) VP -> . VERBS ADVERBS VERBS
    (38) VP -> . PRONOUNS VERBS VERBS ADVERBS NOUNS
    (39) VP -> . VERBS ADJECTIVES NOUNS
    (40) VP -> . ARTICLES NOUNS VERBS ADVERBS VERBS VERBS DETERMINANT
    (41) VP -> . VERBS NOUNS PP
    (42) VP -> . VERBS ADJECTIVES
    (43) VP -> . VERBS PRONOUNS NOUNS ARTICLES VERBS
    (57) CP -> . CONJUNCTIONS VP
    (58) CP -> . CONJUNCTIONS CONJUNCTIONS

    ADVERBS         shift and go to state 7
    VERBS           shift and go to state 6
    PRONOUNS        shift and go to state 8
    ARTICLES        shift and go to state 9
    CONJUNCTIONS    shift and go to state 5

    S                              shift and go to state 1
    ADVP                           shift and go to state 2
    VP                             shift and go to state 3
    CP                             shift and go to state 4

state 1

    (0) S' -> S .



state 2

    (1) S -> ADVP . PUNCTUATION ADVP PUNCTUATION
    (3) S -> ADVP . LPAREN INTERJECTIONS NP RPAREN PUNCTUATION
    (4) S -> ADVP . LPAREN VP RPAREN PUNCTUATION
    (5) S -> ADVP . PUNCTUATION
    (9) S -> ADVP . VP PP LPAREN ADVP RPAREN PUNCTUATION
    (16) S -> ADVP . PP PUNCTUATION
    (17) S -> ADVP . LPAREN INTERJECTIONS RPAREN PUNCTUATION
    (19) S -> ADVP . LPAREN INTERJECTIONS NOUNS RPAREN PUNCTUATION
    (31) VP -> . VERBS VERBS ADVERBS
    (32) VP -> . VERBS ADVERBS
    (33) VP -> . PRONOUNS VERBS PRONOUNS
    (34) VP -> . PRONOUNS VERBS
    (35) VP -> . PRONOUNS VERBS VERBS ADVERBS
    (36) VP -> . VERBS PRONOUNS ADVERBS
    (37) VP -> . VERBS ADVERBS VERBS
    (38) VP -> . PRONOUNS VERBS VERBS ADVERBS NOUNS
    (39) VP -> . VERBS ADJECTIVES NOUNS
    (40) VP -> . ARTICLES NOUNS VERBS ADVERBS VERBS VERBS DETERMINANT
    (41) VP -> . VERBS NOUNS PP
    (42) VP -> . VERBS ADJECTIVES
    (43) VP -> . VERBS PRONOUNS NOUNS ARTICLES VERBS
    (48) PP -> . PREPOSITIONS NP VP
    (49) PP -> . PREPOSITIONS VERBS
    (50) PP -> . PREPOSITIONS ADJP
    (51) PP -> . PREPOSITIONS NP
    (52) PP -> . PREPOSITIONS NOUNS
    (53) PP -> . PREPOSITIONS PRONOUNS PRONOUNS NOUNS
    (54) PP -> . PREPOSITIONS ARTICLES NOUNS PREPOSITIONS NOUNS DETERMINANT
    (55) PP -> . PREPOSITIONS ARTICLES NOUNS
    (56) PP -> . PREPOSITIONS NP ARTICLES VERBS

    PUNCTUATION     shift and go to state 10
    LPAREN          shift and go to state 11
    VERBS           shift and go to state 6
    PRONOUNS        shift and go to state 8
    ARTICLES        shift and go to state 9
    PREPOSITIONS    shift and go to state 14

    VP                             shift and go to state 12
    PP                             shift and go to state 13

state 3

    (2) S -> VP . CP PUNCTUATION
    (6) S -> VP . LPAREN PP RPAREN PUNCTUATION
    (8) S -> VP . VP ADJP LPAREN ADVP RPAREN PUNCTUATION
    (10) S -> VP . NP PP PUNCTUATION
    (11) S -> VP . ADVP ADJP PUNCTUATION
    (12) S -> VP . LPAREN VP PP RPAREN PUNCTUATION
    (13) S -> VP . PP ADJP PUNCTUATION
    (15) S -> VP . VP PUNCTUATION
    (18) S -> VP . LPAREN VP RPAREN PUNCTUATION
    (20) S -> VP . VP VP ADJP LPAREN ADVP RPAREN PUNCTUATION
    (21) S -> VP . CP LPAREN CONJUNCTIONS VP RPAREN PUNCTUATION
    (22) S -> VP . LPAREN VERBS VERBS PP RPAREN PUNCTUATION
    (23) S -> VP . LPAREN PP RPAREN
    (57) CP -> . CONJUNCTIONS VP
    (58) CP -> . CONJUNCTIONS CONJUNCTIONS
    (31) VP -> . VERBS VERBS ADVERBS
    (32) VP -> . VERBS ADVERBS
    (33) VP -> . PRONOUNS VERBS PRONOUNS
    (34) VP -> . PRONOUNS VERBS
    (35) VP -> . PRONOUNS VERBS VERBS ADVERBS
    (36) VP -> . VERBS PRONOUNS ADVERBS
    (37) VP -> . VERBS ADVERBS VERBS
    (38) VP -> . PRONOUNS VERBS VERBS ADVERBS NOUNS
    (39) VP -> . VERBS ADJECTIVES NOUNS
    (40) VP -> . ARTICLES NOUNS VERBS ADVERBS VERBS VERBS DETERMINANT
    (41) VP -> . VERBS NOUNS PP
    (42) VP -> . VERBS ADJECTIVES
    (43) VP -> . VERBS PRONOUNS NOUNS ARTICLES VERBS
    (44) NP -> . NOUNS PREPOSITIONS ADJECTIVES
    (45) NP -> . PRONOUNS NOUNS
    (46) NP -> . ARTICLES NOUNS
    (47) NP -> . DETERMINANT NOUNS
    (24) ADVP -> . ADVERBS NOUNS
    (25) ADVP -> . ADVERBS VERBS
    (26) ADVP -> . ADVERBS VERBS ADJP
    (27) ADVP -> . ADVERBS VERBS ADVERBS
    (28) ADVP -> . ADVERBS VERBS ADVERBS NOUNS
    (29) ADVP -> . ADVERBS PP
    (30) ADVP -> . ADVERBS VERBS DETERMINANT VERBS NOUNS
    (48) PP -> . PREPOSITIONS NP VP
    (49) PP -> . PREPOSITIONS VERBS
    (50) PP -> . PREPOSITIONS ADJP
    (51) PP -> . PREPOSITIONS NP
    (52) PP -> . PREPOSITIONS NOUNS
    (53) PP -> . PREPOSITIONS PRONOUNS PRONOUNS NOUNS
    (54) PP -> . PREPOSITIONS ARTICLES NOUNS PREPOSITIONS NOUNS DETERMINANT
    (55) PP -> . PREPOSITIONS ARTICLES NOUNS
    (56) PP -> . PREPOSITIONS NP ARTICLES VERBS

    LPAREN          shift and go to state 17
    CONJUNCTIONS    shift and go to state 5
    VERBS           shift and go to state 6
    PRONOUNS        shift and go to state 21
    ARTICLES        shift and go to state 23
    NOUNS           shift and go to state 22
    DETERMINANT     shift and go to state 24
    ADVERBS         shift and go to state 7
    PREPOSITIONS    shift and go to state 14

    VP                             shift and go to state 15
    CP                             shift and go to state 16
    PP                             shift and go to state 18
    ADVP                           shift and go to state 19
    NP                             shift and go to state 20

state 4

    (7) S -> CP . LPAREN CP RPAREN PUNCTUATION
    (14) S -> CP . VP NP PUNCTUATION
    (31) VP -> . VERBS VERBS ADVERBS
    (32) VP -> . VERBS ADVERBS
    (33) VP -> . PRONOUNS VERBS PRONOUNS
    (34) VP -> . PRONOUNS VERBS
    (35) VP -> . PRONOUNS VERBS VERBS ADVERBS
    (36) VP -> . VERBS PRONOUNS ADVERBS
    (37) VP -> . VERBS ADVERBS VERBS
    (38) VP -> . PRONOUNS VERBS VERBS ADVERBS NOUNS
    (39) VP -> . VERBS ADJECTIVES NOUNS
    (40) VP -> . ARTICLES NOUNS VERBS ADVERBS VERBS VERBS DETERMINANT
    (41) VP -> . VERBS NOUNS PP
    (42) VP -> . VERBS ADJECTIVES
    (43) VP -> . VERBS PRONOUNS NOUNS ARTICLES VERBS

    LPAREN          shift and go to state 25
    VERBS           shift and go to state 6
    PRONOUNS        shift and go to state 8
    ARTICLES        shift and go to state 9

    VP                             shift and go to state 26

state 5

    (57) CP -> CONJUNCTIONS . VP
    (58) CP -> CONJUNCTIONS . CONJUNCTIONS
    (31) VP -> . VERBS VERBS ADVERBS
    (32) VP -> . VERBS ADVERBS
    (33) VP -> . PRONOUNS VERBS PRONOUNS
    (34) VP -> . PRONOUNS VERBS
    (35) VP -> . PRONOUNS VERBS VERBS ADVERBS
    (36) VP -> . VERBS PRONOUNS ADVERBS
    (37) VP -> . VERBS ADVERBS VERBS
    (38) VP -> . PRONOUNS VERBS VERBS ADVERBS NOUNS
    (39) VP -> . VERBS ADJECTIVES NOUNS
    (40) VP -> . ARTICLES NOUNS VERBS ADVERBS VERBS VERBS DETERMINANT
    (41) VP -> . VERBS NOUNS PP
    (42) VP -> . VERBS ADJECTIVES
    (43) VP -> . VERBS PRONOUNS NOUNS ARTICLES VERBS

    CONJUNCTIONS    shift and go to state 27
    VERBS           shift and go to state 6
    PRONOUNS        shift and go to state 8
    ARTICLES        shift and go to state 9

    VP                             shift and go to state 28

state 6

    (31) VP -> VERBS . VERBS ADVERBS
    (32) VP -> VERBS . ADVERBS
    (36) VP -> VERBS . PRONOUNS ADVERBS
    (37) VP -> VERBS . ADVERBS VERBS
    (39) VP -> VERBS . ADJECTIVES NOUNS
    (41) VP -> VERBS . NOUNS PP
    (42) VP -> VERBS . ADJECTIVES
    (43) VP -> VERBS . PRONOUNS NOUNS ARTICLES VERBS

    VERBS           shift and go to state 29
    ADVERBS         shift and go to state 30
    PRONOUNS        shift and go to state 31
    ADJECTIVES      shift and go to state 32
    NOUNS           shift and go to state 33


state 7

    (24) ADVP -> ADVERBS . NOUNS
    (25) ADVP -> ADVERBS . VERBS
    (26) ADVP -> ADVERBS . VERBS ADJP
    (27) ADVP -> ADVERBS . VERBS ADVERBS
    (28) ADVP -> ADVERBS . VERBS ADVERBS NOUNS
    (29) ADVP -> ADVERBS . PP
    (30) ADVP -> ADVERBS . VERBS DETERMINANT VERBS NOUNS
    (48) PP -> . PREPOSITIONS NP VP
    (49) PP -> . PREPOSITIONS VERBS
    (50) PP -> . PREPOSITIONS ADJP
    (51) PP -> . PREPOSITIONS NP
    (52) PP -> . PREPOSITIONS NOUNS
    (53) PP -> . PREPOSITIONS PRONOUNS PRONOUNS NOUNS
    (54) PP -> . PREPOSITIONS ARTICLES NOUNS PREPOSITIONS NOUNS DETERMINANT
    (55) PP -> . PREPOSITIONS ARTICLES NOUNS
    (56) PP -> . PREPOSITIONS NP ARTICLES VERBS

    NOUNS           shift and go to state 34
    VERBS           shift and go to state 35
    PREPOSITIONS    shift and go to state 14

    PP                             shift and go to state 36

state 8

    (33) VP -> PRONOUNS . VERBS PRONOUNS
    (34) VP -> PRONOUNS . VERBS
    (35) VP -> PRONOUNS . VERBS VERBS ADVERBS
    (38) VP -> PRONOUNS . VERBS VERBS ADVERBS NOUNS

    VERBS           shift and go to state 37


state 9

    (40) VP -> ARTICLES . NOUNS VERBS ADVERBS VERBS VERBS DETERMINANT

    NOUNS           shift and go to state 38


state 10

    (1) S -> ADVP PUNCTUATION . ADVP PUNCTUATION
    (5) S -> ADVP PUNCTUATION .
    (24) ADVP -> . ADVERBS NOUNS
    (25) ADVP -> . ADVERBS VERBS
    (26) ADVP -> . ADVERBS VERBS ADJP
    (27) ADVP -> . ADVERBS VERBS ADVERBS
    (28) ADVP -> . ADVERBS VERBS ADVERBS NOUNS
    (29) ADVP -> . ADVERBS PP
    (30) ADVP -> . ADVERBS VERBS DETERMINANT VERBS NOUNS

    $end            reduce using rule 5 (S -> ADVP PUNCTUATION .)
    ADVERBS         shift and go to state 7

    ADVP                           shift and go to state 39

state 11

    (3) S -> ADVP LPAREN . INTERJECTIONS NP RPAREN PUNCTUATION
    (4) S -> ADVP LPAREN . VP RPAREN PUNCTUATION
    (17) S -> ADVP LPAREN . INTERJECTIONS RPAREN PUNCTUATION
    (19) S -> ADVP LPAREN . INTERJECTIONS NOUNS RPAREN PUNCTUATION
    (31) VP -> . VERBS VERBS ADVERBS
    (32) VP -> . VERBS ADVERBS
    (33) VP -> . PRONOUNS VERBS PRONOUNS
    (34) VP -> . PRONOUNS VERBS
    (35) VP -> . PRONOUNS VERBS VERBS ADVERBS
    (36) VP -> . VERBS PRONOUNS ADVERBS
    (37) VP -> . VERBS ADVERBS VERBS
    (38) VP -> . PRONOUNS VERBS VERBS ADVERBS NOUNS
    (39) VP -> . VERBS ADJECTIVES NOUNS
    (40) VP -> . ARTICLES NOUNS VERBS ADVERBS VERBS VERBS DETERMINANT
    (41) VP -> . VERBS NOUNS PP
    (42) VP -> . VERBS ADJECTIVES
    (43) VP -> . VERBS PRONOUNS NOUNS ARTICLES VERBS

    INTERJECTIONS   shift and go to state 40
    VERBS           shift and go to state 6
    PRONOUNS        shift and go to state 8
    ARTICLES        shift and go to state 9

    VP                             shift and go to state 41

state 12

    (9) S -> ADVP VP . PP LPAREN ADVP RPAREN PUNCTUATION
    (48) PP -> . PREPOSITIONS NP VP
    (49) PP -> . PREPOSITIONS VERBS
    (50) PP -> . PREPOSITIONS ADJP
    (51) PP -> . PREPOSITIONS NP
    (52) PP -> . PREPOSITIONS NOUNS
    (53) PP -> . PREPOSITIONS PRONOUNS PRONOUNS NOUNS
    (54) PP -> . PREPOSITIONS ARTICLES NOUNS PREPOSITIONS NOUNS DETERMINANT
    (55) PP -> . PREPOSITIONS ARTICLES NOUNS
    (56) PP -> . PREPOSITIONS NP ARTICLES VERBS

    PREPOSITIONS    shift and go to state 14

    PP                             shift and go to state 42

state 13

    (16) S -> ADVP PP . PUNCTUATION

    PUNCTUATION     shift and go to state 43


state 14

    (48) PP -> PREPOSITIONS . NP VP
    (49) PP -> PREPOSITIONS . VERBS
    (50) PP -> PREPOSITIONS . ADJP
    (51) PP -> PREPOSITIONS . NP
    (52) PP -> PREPOSITIONS . NOUNS
    (53) PP -> PREPOSITIONS . PRONOUNS PRONOUNS NOUNS
    (54) PP -> PREPOSITIONS . ARTICLES NOUNS PREPOSITIONS NOUNS DETERMINANT
    (55) PP -> PREPOSITIONS . ARTICLES NOUNS
    (56) PP -> PREPOSITIONS . NP ARTICLES VERBS
    (44) NP -> . NOUNS PREPOSITIONS ADJECTIVES
    (45) NP -> . PRONOUNS NOUNS
    (46) NP -> . ARTICLES NOUNS
    (47) NP -> . DETERMINANT NOUNS
    (59) ADJP -> . DETERMINANT ADJECTIVES NOUNS
    (60) ADJP -> . ARTICLES ADJECTIVES NOUNS
    (61) ADJP -> . DETERMINANT ADJECTIVES
    (62) ADJP -> . PRONOUNS ADJECTIVES NOUNS
    (63) ADJP -> . NOUNS ADJECTIVES

    VERBS           shift and go to state 45
    NOUNS           shift and go to state 47
    PRONOUNS        shift and go to state 48
    ARTICLES        shift and go to state 49
    DETERMINANT     shift and go to state 50

    NP                             shift and go to state 44
    ADJP                           shift and go to state 46

state 15

    (8) S -> VP VP . ADJP LPAREN ADVP RPAREN PUNCTUATION
    (15) S -> VP VP . PUNCTUATION
    (20) S -> VP VP . VP ADJP LPAREN ADVP RPAREN PUNCTUATION
    (59) ADJP -> . DETERMINANT ADJECTIVES NOUNS
    (60) ADJP -> . ARTICLES ADJECTIVES NOUNS
    (61) ADJP -> . DETERMINANT ADJECTIVES
    (62) ADJP -> . PRONOUNS ADJECTIVES NOUNS
    (63) ADJP -> . NOUNS ADJECTIVES
    (31) VP -> . VERBS VERBS ADVERBS
    (32) VP -> . VERBS ADVERBS
    (33) VP -> . PRONOUNS VERBS PRONOUNS
    (34) VP -> . PRONOUNS VERBS
    (35) VP -> . PRONOUNS VERBS VERBS ADVERBS
    (36) VP -> . VERBS PRONOUNS ADVERBS
    (37) VP -> . VERBS ADVERBS VERBS
    (38) VP -> . PRONOUNS VERBS VERBS ADVERBS NOUNS
    (39) VP -> . VERBS ADJECTIVES NOUNS
    (40) VP -> . ARTICLES NOUNS VERBS ADVERBS VERBS VERBS DETERMINANT
    (41) VP -> . VERBS NOUNS PP
    (42) VP -> . VERBS ADJECTIVES
    (43) VP -> . VERBS PRONOUNS NOUNS ARTICLES VERBS

    PUNCTUATION     shift and go to state 53
    DETERMINANT     shift and go to state 54
    ARTICLES        shift and go to state 56
    PRONOUNS        shift and go to state 57
    NOUNS           shift and go to state 55
    VERBS           shift and go to state 6

    VP                             shift and go to state 51
    ADJP                           shift and go to state 52

state 16

    (2) S -> VP CP . PUNCTUATION
    (21) S -> VP CP . LPAREN CONJUNCTIONS VP RPAREN PUNCTUATION

    PUNCTUATION     shift and go to state 58
    LPAREN          shift and go to state 59


state 17

    (6) S -> VP LPAREN . PP RPAREN PUNCTUATION
    (12) S -> VP LPAREN . VP PP RPAREN PUNCTUATION
    (18) S -> VP LPAREN . VP RPAREN PUNCTUATION
    (22) S -> VP LPAREN . VERBS VERBS PP RPAREN PUNCTUATION
    (23) S -> VP LPAREN . PP RPAREN
    (48) PP -> . PREPOSITIONS NP VP
    (49) PP -> . PREPOSITIONS VERBS
    (50) PP -> . PREPOSITIONS ADJP
    (51) PP -> . PREPOSITIONS NP
    (52) PP -> . PREPOSITIONS NOUNS
    (53) PP -> . PREPOSITIONS PRONOUNS PRONOUNS NOUNS
    (54) PP -> . PREPOSITIONS ARTICLES NOUNS PREPOSITIONS NOUNS DETERMINANT
    (55) PP -> . PREPOSITIONS ARTICLES NOUNS
    (56) PP -> . PREPOSITIONS NP ARTICLES VERBS
    (31) VP -> . VERBS VERBS ADVERBS
    (32) VP -> . VERBS ADVERBS
    (33) VP -> . PRONOUNS VERBS PRONOUNS
    (34) VP -> . PRONOUNS VERBS
    (35) VP -> . PRONOUNS VERBS VERBS ADVERBS
    (36) VP -> . VERBS PRONOUNS ADVERBS
    (37) VP -> . VERBS ADVERBS VERBS
    (38) VP -> . PRONOUNS VERBS VERBS ADVERBS NOUNS
    (39) VP -> . VERBS ADJECTIVES NOUNS
    (40) VP -> . ARTICLES NOUNS VERBS ADVERBS VERBS VERBS DETERMINANT
    (41) VP -> . VERBS NOUNS PP
    (42) VP -> . VERBS ADJECTIVES
    (43) VP -> . VERBS PRONOUNS NOUNS ARTICLES VERBS

    VERBS           shift and go to state 62
    PREPOSITIONS    shift and go to state 14
    PRONOUNS        shift and go to state 8
    ARTICLES        shift and go to state 9

    VP                             shift and go to state 60
    PP                             shift and go to state 61

state 18

    (13) S -> VP PP . ADJP PUNCTUATION
    (59) ADJP -> . DETERMINANT ADJECTIVES NOUNS
    (60) ADJP -> . ARTICLES ADJECTIVES NOUNS
    (61) ADJP -> . DETERMINANT ADJECTIVES
    (62) ADJP -> . PRONOUNS ADJECTIVES NOUNS
    (63) ADJP -> . NOUNS ADJECTIVES

    DETERMINANT     shift and go to state 54
    ARTICLES        shift and go to state 64
    PRONOUNS        shift and go to state 65
    NOUNS           shift and go to state 55

    ADJP                           shift and go to state 63

state 19

    (11) S -> VP ADVP . ADJP PUNCTUATION
    (59) ADJP -> . DETERMINANT ADJECTIVES NOUNS
    (60) ADJP -> . ARTICLES ADJECTIVES NOUNS
    (61) ADJP -> . DETERMINANT ADJECTIVES
    (62) ADJP -> . PRONOUNS ADJECTIVES NOUNS
    (63) ADJP -> . NOUNS ADJECTIVES

    DETERMINANT     shift and go to state 54
    ARTICLES        shift and go to state 64
    PRONOUNS        shift and go to state 65
    NOUNS           shift and go to state 55

    ADJP                           shift and go to state 66

state 20

    (10) S -> VP NP . PP PUNCTUATION
    (48) PP -> . PREPOSITIONS NP VP
    (49) PP -> . PREPOSITIONS VERBS
    (50) PP -> . PREPOSITIONS ADJP
    (51) PP -> . PREPOSITIONS NP
    (52) PP -> . PREPOSITIONS NOUNS
    (53) PP -> . PREPOSITIONS PRONOUNS PRONOUNS NOUNS
    (54) PP -> . PREPOSITIONS ARTICLES NOUNS PREPOSITIONS NOUNS DETERMINANT
    (55) PP -> . PREPOSITIONS ARTICLES NOUNS
    (56) PP -> . PREPOSITIONS NP ARTICLES VERBS

    PREPOSITIONS    shift and go to state 14

    PP                             shift and go to state 67

state 21

    (33) VP -> PRONOUNS . VERBS PRONOUNS
    (34) VP -> PRONOUNS . VERBS
    (35) VP -> PRONOUNS . VERBS VERBS ADVERBS
    (38) VP -> PRONOUNS . VERBS VERBS ADVERBS NOUNS
    (45) NP -> PRONOUNS . NOUNS

    VERBS           shift and go to state 37
    NOUNS           shift and go to state 68


state 22

    (44) NP -> NOUNS . PREPOSITIONS ADJECTIVES

    PREPOSITIONS    shift and go to state 69


state 23

    (40) VP -> ARTICLES . NOUNS VERBS ADVERBS VERBS VERBS DETERMINANT
    (46) NP -> ARTICLES . NOUNS

    NOUNS           shift and go to state 70


state 24

    (47) NP -> DETERMINANT . NOUNS

    NOUNS           shift and go to state 71


state 25

    (7) S -> CP LPAREN . CP RPAREN PUNCTUATION
    (57) CP -> . CONJUNCTIONS VP
    (58) CP -> . CONJUNCTIONS CONJUNCTIONS

    CONJUNCTIONS    shift and go to state 5

    CP                             shift and go to state 72

state 26

    (14) S -> CP VP . NP PUNCTUATION
    (44) NP -> . NOUNS PREPOSITIONS ADJECTIVES
    (45) NP -> . PRONOUNS NOUNS
    (46) NP -> . ARTICLES NOUNS
    (47) NP -> . DETERMINANT NOUNS

    NOUNS           shift and go to state 22
    PRONOUNS        shift and go to state 74
    ARTICLES        shift and go to state 75
    DETERMINANT     shift and go to state 24

    NP                             shift and go to state 73

state 27

    (58) CP -> CONJUNCTIONS CONJUNCTIONS .

    LPAREN          reduce using rule 58 (CP -> CONJUNCTIONS CONJUNCTIONS .)
    VERBS           reduce using rule 58 (CP -> CONJUNCTIONS CONJUNCTIONS .)
    PRONOUNS        reduce using rule 58 (CP -> CONJUNCTIONS CONJUNCTIONS .)
    ARTICLES        reduce using rule 58 (CP -> CONJUNCTIONS CONJUNCTIONS .)
    PUNCTUATION     reduce using rule 58 (CP -> CONJUNCTIONS CONJUNCTIONS .)
    RPAREN          reduce using rule 58 (CP -> CONJUNCTIONS CONJUNCTIONS .)


state 28

    (57) CP -> CONJUNCTIONS VP .

    LPAREN          reduce using rule 57 (CP -> CONJUNCTIONS VP .)
    VERBS           reduce using rule 57 (CP -> CONJUNCTIONS VP .)
    PRONOUNS        reduce using rule 57 (CP -> CONJUNCTIONS VP .)
    ARTICLES        reduce using rule 57 (CP -> CONJUNCTIONS VP .)
    PUNCTUATION     reduce using rule 57 (CP -> CONJUNCTIONS VP .)
    RPAREN          reduce using rule 57 (CP -> CONJUNCTIONS VP .)


state 29

    (31) VP -> VERBS VERBS . ADVERBS

    ADVERBS         shift and go to state 76


state 30

    (32) VP -> VERBS ADVERBS .
    (37) VP -> VERBS ADVERBS . VERBS

  ! shift/reduce conflict for VERBS resolved as shift
    LPAREN          reduce using rule 32 (VP -> VERBS ADVERBS .)
    CONJUNCTIONS    reduce using rule 32 (VP -> VERBS ADVERBS .)
    PRONOUNS        reduce using rule 32 (VP -> VERBS ADVERBS .)
    ARTICLES        reduce using rule 32 (VP -> VERBS ADVERBS .)
    NOUNS           reduce using rule 32 (VP -> VERBS ADVERBS .)
    DETERMINANT     reduce using rule 32 (VP -> VERBS ADVERBS .)
    ADVERBS         reduce using rule 32 (VP -> VERBS ADVERBS .)
    PREPOSITIONS    reduce using rule 32 (VP -> VERBS ADVERBS .)
    PUNCTUATION     reduce using rule 32 (VP -> VERBS ADVERBS .)
    RPAREN          reduce using rule 32 (VP -> VERBS ADVERBS .)
    VERBS           shift and go to state 77

  ! VERBS           [ reduce using rule 32 (VP -> VERBS ADVERBS .) ]


state 31

    (36) VP -> VERBS PRONOUNS . ADVERBS
    (43) VP -> VERBS PRONOUNS . NOUNS ARTICLES VERBS

    ADVERBS         shift and go to state 78
    NOUNS           shift and go to state 79


state 32

    (39) VP -> VERBS ADJECTIVES . NOUNS
    (42) VP -> VERBS ADJECTIVES .

  ! shift/reduce conflict for NOUNS resolved as shift
    NOUNS           shift and go to state 80
    LPAREN          reduce using rule 42 (VP -> VERBS ADJECTIVES .)
    CONJUNCTIONS    reduce using rule 42 (VP -> VERBS ADJECTIVES .)
    VERBS           reduce using rule 42 (VP -> VERBS ADJECTIVES .)
    PRONOUNS        reduce using rule 42 (VP -> VERBS ADJECTIVES .)
    ARTICLES        reduce using rule 42 (VP -> VERBS ADJECTIVES .)
    DETERMINANT     reduce using rule 42 (VP -> VERBS ADJECTIVES .)
    ADVERBS         reduce using rule 42 (VP -> VERBS ADJECTIVES .)
    PREPOSITIONS    reduce using rule 42 (VP -> VERBS ADJECTIVES .)
    PUNCTUATION     reduce using rule 42 (VP -> VERBS ADJECTIVES .)
    RPAREN          reduce using rule 42 (VP -> VERBS ADJECTIVES .)

  ! NOUNS           [ reduce using rule 42 (VP -> VERBS ADJECTIVES .) ]


state 33

    (41) VP -> VERBS NOUNS . PP
    (48) PP -> . PREPOSITIONS NP VP
    (49) PP -> . PREPOSITIONS VERBS
    (50) PP -> . PREPOSITIONS ADJP
    (51) PP -> . PREPOSITIONS NP
    (52) PP -> . PREPOSITIONS NOUNS
    (53) PP -> . PREPOSITIONS PRONOUNS PRONOUNS NOUNS
    (54) PP -> . PREPOSITIONS ARTICLES NOUNS PREPOSITIONS NOUNS DETERMINANT
    (55) PP -> . PREPOSITIONS ARTICLES NOUNS
    (56) PP -> . PREPOSITIONS NP ARTICLES VERBS

    PREPOSITIONS    shift and go to state 14

    PP                             shift and go to state 81

state 34

    (24) ADVP -> ADVERBS NOUNS .

    PUNCTUATION     reduce using rule 24 (ADVP -> ADVERBS NOUNS .)
    LPAREN          reduce using rule 24 (ADVP -> ADVERBS NOUNS .)
    VERBS           reduce using rule 24 (ADVP -> ADVERBS NOUNS .)
    PRONOUNS        reduce using rule 24 (ADVP -> ADVERBS NOUNS .)
    ARTICLES        reduce using rule 24 (ADVP -> ADVERBS NOUNS .)
    PREPOSITIONS    reduce using rule 24 (ADVP -> ADVERBS NOUNS .)
    DETERMINANT     reduce using rule 24 (ADVP -> ADVERBS NOUNS .)
    NOUNS           reduce using rule 24 (ADVP -> ADVERBS NOUNS .)
    RPAREN          reduce using rule 24 (ADVP -> ADVERBS NOUNS .)


state 35

    (25) ADVP -> ADVERBS VERBS .
    (26) ADVP -> ADVERBS VERBS . ADJP
    (27) ADVP -> ADVERBS VERBS . ADVERBS
    (28) ADVP -> ADVERBS VERBS . ADVERBS NOUNS
    (30) ADVP -> ADVERBS VERBS . DETERMINANT VERBS NOUNS
    (59) ADJP -> . DETERMINANT ADJECTIVES NOUNS
    (60) ADJP -> . ARTICLES ADJECTIVES NOUNS
    (61) ADJP -> . DETERMINANT ADJECTIVES
    (62) ADJP -> . PRONOUNS ADJECTIVES NOUNS
    (63) ADJP -> . NOUNS ADJECTIVES

  ! shift/reduce conflict for DETERMINANT resolved as shift
  ! shift/reduce conflict for ARTICLES resolved as shift
  ! shift/reduce conflict for PRONOUNS resolved as shift
  ! shift/reduce conflict for NOUNS resolved as shift
    PUNCTUATION     reduce using rule 25 (ADVP -> ADVERBS VERBS .)
    LPAREN          reduce using rule 25 (ADVP -> ADVERBS VERBS .)
    VERBS           reduce using rule 25 (ADVP -> ADVERBS VERBS .)
    PREPOSITIONS    reduce using rule 25 (ADVP -> ADVERBS VERBS .)
    RPAREN          reduce using rule 25 (ADVP -> ADVERBS VERBS .)
    ADVERBS         shift and go to state 82
    DETERMINANT     shift and go to state 84
    ARTICLES        shift and go to state 64
    PRONOUNS        shift and go to state 65
    NOUNS           shift and go to state 55

  ! PRONOUNS        [ reduce using rule 25 (ADVP -> ADVERBS VERBS .) ]
  ! ARTICLES        [ reduce using rule 25 (ADVP -> ADVERBS VERBS .) ]
  ! DETERMINANT     [ reduce using rule 25 (ADVP -> ADVERBS VERBS .) ]
  ! NOUNS           [ reduce using rule 25 (ADVP -> ADVERBS VERBS .) ]

    ADJP                           shift and go to state 83

state 36

    (29) ADVP -> ADVERBS PP .

    PUNCTUATION     reduce using rule 29 (ADVP -> ADVERBS PP .)
    LPAREN          reduce using rule 29 (ADVP -> ADVERBS PP .)
    VERBS           reduce using rule 29 (ADVP -> ADVERBS PP .)
    PRONOUNS        reduce using rule 29 (ADVP -> ADVERBS PP .)
    ARTICLES        reduce using rule 29 (ADVP -> ADVERBS PP .)
    PREPOSITIONS    reduce using rule 29 (ADVP -> ADVERBS PP .)
    DETERMINANT     reduce using rule 29 (ADVP -> ADVERBS PP .)
    NOUNS           reduce using rule 29 (ADVP -> ADVERBS PP .)
    RPAREN          reduce using rule 29 (ADVP -> ADVERBS PP .)


state 37

    (33) VP -> PRONOUNS VERBS . PRONOUNS
    (34) VP -> PRONOUNS VERBS .
    (35) VP -> PRONOUNS VERBS . VERBS ADVERBS
    (38) VP -> PRONOUNS VERBS . VERBS ADVERBS NOUNS

  ! shift/reduce conflict for PRONOUNS resolved as shift
  ! shift/reduce conflict for VERBS resolved as shift
    PRONOUNS        shift and go to state 85
    LPAREN          reduce using rule 34 (VP -> PRONOUNS VERBS .)
    CONJUNCTIONS    reduce using rule 34 (VP -> PRONOUNS VERBS .)
    ARTICLES        reduce using rule 34 (VP -> PRONOUNS VERBS .)
    NOUNS           reduce using rule 34 (VP -> PRONOUNS VERBS .)
    DETERMINANT     reduce using rule 34 (VP -> PRONOUNS VERBS .)
    ADVERBS         reduce using rule 34 (VP -> PRONOUNS VERBS .)
    PREPOSITIONS    reduce using rule 34 (VP -> PRONOUNS VERBS .)
    PUNCTUATION     reduce using rule 34 (VP -> PRONOUNS VERBS .)
    RPAREN          reduce using rule 34 (VP -> PRONOUNS VERBS .)
    VERBS           shift and go to state 86

  ! VERBS           [ reduce using rule 34 (VP -> PRONOUNS VERBS .) ]
  ! PRONOUNS        [ reduce using rule 34 (VP -> PRONOUNS VERBS .) ]


state 38

    (40) VP -> ARTICLES NOUNS . VERBS ADVERBS VERBS VERBS DETERMINANT

    VERBS           shift and go to state 87


state 39

    (1) S -> ADVP PUNCTUATION ADVP . PUNCTUATION

    PUNCTUATION     shift and go to state 88


state 40

    (3) S -> ADVP LPAREN INTERJECTIONS . NP RPAREN PUNCTUATION
    (17) S -> ADVP LPAREN INTERJECTIONS . RPAREN PUNCTUATION
    (19) S -> ADVP LPAREN INTERJECTIONS . NOUNS RPAREN PUNCTUATION
    (44) NP -> . NOUNS PREPOSITIONS ADJECTIVES
    (45) NP -> . PRONOUNS NOUNS
    (46) NP -> . ARTICLES NOUNS
    (47) NP -> . DETERMINANT NOUNS

    RPAREN          shift and go to state 90
    NOUNS           shift and go to state 91
    PRONOUNS        shift and go to state 74
    ARTICLES        shift and go to state 75
    DETERMINANT     shift and go to state 24

    NP                             shift and go to state 89

state 41

    (4) S -> ADVP LPAREN VP . RPAREN PUNCTUATION

    RPAREN          shift and go to state 92


state 42

    (9) S -> ADVP VP PP . LPAREN ADVP RPAREN PUNCTUATION

    LPAREN          shift and go to state 93


state 43

    (16) S -> ADVP PP PUNCTUATION .

    $end            reduce using rule 16 (S -> ADVP PP PUNCTUATION .)


state 44

    (48) PP -> PREPOSITIONS NP . VP
    (51) PP -> PREPOSITIONS NP .
    (56) PP -> PREPOSITIONS NP . ARTICLES VERBS
    (31) VP -> . VERBS VERBS ADVERBS
    (32) VP -> . VERBS ADVERBS
    (33) VP -> . PRONOUNS VERBS PRONOUNS
    (34) VP -> . PRONOUNS VERBS
    (35) VP -> . PRONOUNS VERBS VERBS ADVERBS
    (36) VP -> . VERBS PRONOUNS ADVERBS
    (37) VP -> . VERBS ADVERBS VERBS
    (38) VP -> . PRONOUNS VERBS VERBS ADVERBS NOUNS
    (39) VP -> . VERBS ADJECTIVES NOUNS
    (40) VP -> . ARTICLES NOUNS VERBS ADVERBS VERBS VERBS DETERMINANT
    (41) VP -> . VERBS NOUNS PP
    (42) VP -> . VERBS ADJECTIVES
    (43) VP -> . VERBS PRONOUNS NOUNS ARTICLES VERBS

  ! shift/reduce conflict for ARTICLES resolved as shift
  ! shift/reduce conflict for VERBS resolved as shift
  ! shift/reduce conflict for PRONOUNS resolved as shift
    PUNCTUATION     reduce using rule 51 (PP -> PREPOSITIONS NP .)
    DETERMINANT     reduce using rule 51 (PP -> PREPOSITIONS NP .)
    NOUNS           reduce using rule 51 (PP -> PREPOSITIONS NP .)
    LPAREN          reduce using rule 51 (PP -> PREPOSITIONS NP .)
    PREPOSITIONS    reduce using rule 51 (PP -> PREPOSITIONS NP .)
    RPAREN          reduce using rule 51 (PP -> PREPOSITIONS NP .)
    CONJUNCTIONS    reduce using rule 51 (PP -> PREPOSITIONS NP .)
    ADVERBS         reduce using rule 51 (PP -> PREPOSITIONS NP .)
    ARTICLES        shift and go to state 95
    VERBS           shift and go to state 6
    PRONOUNS        shift and go to state 8

  ! ARTICLES        [ reduce using rule 51 (PP -> PREPOSITIONS NP .) ]
  ! PRONOUNS        [ reduce using rule 51 (PP -> PREPOSITIONS NP .) ]
  ! VERBS           [ reduce using rule 51 (PP -> PREPOSITIONS NP .) ]

    VP                             shift and go to state 94

state 45

    (49) PP -> PREPOSITIONS VERBS .

    PUNCTUATION     reduce using rule 49 (PP -> PREPOSITIONS VERBS .)
    DETERMINANT     reduce using rule 49 (PP -> PREPOSITIONS VERBS .)
    ARTICLES        reduce using rule 49 (PP -> PREPOSITIONS VERBS .)
    PRONOUNS        reduce using rule 49 (PP -> PREPOSITIONS VERBS .)
    NOUNS           reduce using rule 49 (PP -> PREPOSITIONS VERBS .)
    LPAREN          reduce using rule 49 (PP -> PREPOSITIONS VERBS .)
    VERBS           reduce using rule 49 (PP -> PREPOSITIONS VERBS .)
    PREPOSITIONS    reduce using rule 49 (PP -> PREPOSITIONS VERBS .)
    RPAREN          reduce using rule 49 (PP -> PREPOSITIONS VERBS .)
    CONJUNCTIONS    reduce using rule 49 (PP -> PREPOSITIONS VERBS .)
    ADVERBS         reduce using rule 49 (PP -> PREPOSITIONS VERBS .)


state 46

    (50) PP -> PREPOSITIONS ADJP .

    PUNCTUATION     reduce using rule 50 (PP -> PREPOSITIONS ADJP .)
    DETERMINANT     reduce using rule 50 (PP -> PREPOSITIONS ADJP .)
    ARTICLES        reduce using rule 50 (PP -> PREPOSITIONS ADJP .)
    PRONOUNS        reduce using rule 50 (PP -> PREPOSITIONS ADJP .)
    NOUNS           reduce using rule 50 (PP -> PREPOSITIONS ADJP .)
    LPAREN          reduce using rule 50 (PP -> PREPOSITIONS ADJP .)
    VERBS           reduce using rule 50 (PP -> PREPOSITIONS ADJP .)
    PREPOSITIONS    reduce using rule 50 (PP -> PREPOSITIONS ADJP .)
    RPAREN          reduce using rule 50 (PP -> PREPOSITIONS ADJP .)
    CONJUNCTIONS    reduce using rule 50 (PP -> PREPOSITIONS ADJP .)
    ADVERBS         reduce using rule 50 (PP -> PREPOSITIONS ADJP .)


state 47

    (52) PP -> PREPOSITIONS NOUNS .
    (44) NP -> NOUNS . PREPOSITIONS ADJECTIVES
    (63) ADJP -> NOUNS . ADJECTIVES

  ! shift/reduce conflict for PREPOSITIONS resolved as shift
    PUNCTUATION     reduce using rule 52 (PP -> PREPOSITIONS NOUNS .)
    DETERMINANT     reduce using rule 52 (PP -> PREPOSITIONS NOUNS .)
    ARTICLES        reduce using rule 52 (PP -> PREPOSITIONS NOUNS .)
    PRONOUNS        reduce using rule 52 (PP -> PREPOSITIONS NOUNS .)
    NOUNS           reduce using rule 52 (PP -> PREPOSITIONS NOUNS .)
    LPAREN          reduce using rule 52 (PP -> PREPOSITIONS NOUNS .)
    VERBS           reduce using rule 52 (PP -> PREPOSITIONS NOUNS .)
    RPAREN          reduce using rule 52 (PP -> PREPOSITIONS NOUNS .)
    CONJUNCTIONS    reduce using rule 52 (PP -> PREPOSITIONS NOUNS .)
    ADVERBS         reduce using rule 52 (PP -> PREPOSITIONS NOUNS .)
    PREPOSITIONS    shift and go to state 69
    ADJECTIVES      shift and go to state 96

  ! PREPOSITIONS    [ reduce using rule 52 (PP -> PREPOSITIONS NOUNS .) ]


state 48

    (53) PP -> PREPOSITIONS PRONOUNS . PRONOUNS NOUNS
    (45) NP -> PRONOUNS . NOUNS
    (62) ADJP -> PRONOUNS . ADJECTIVES NOUNS

    PRONOUNS        shift and go to state 97
    NOUNS           shift and go to state 68
    ADJECTIVES      shift and go to state 98


state 49

    (54) PP -> PREPOSITIONS ARTICLES . NOUNS PREPOSITIONS NOUNS DETERMINANT
    (55) PP -> PREPOSITIONS ARTICLES . NOUNS
    (46) NP -> ARTICLES . NOUNS
    (60) ADJP -> ARTICLES . ADJECTIVES NOUNS

    NOUNS           shift and go to state 99
    ADJECTIVES      shift and go to state 100


state 50

    (47) NP -> DETERMINANT . NOUNS
    (59) ADJP -> DETERMINANT . ADJECTIVES NOUNS
    (61) ADJP -> DETERMINANT . ADJECTIVES

    NOUNS           shift and go to state 71
    ADJECTIVES      shift and go to state 101


state 51

    (20) S -> VP VP VP . ADJP LPAREN ADVP RPAREN PUNCTUATION
    (59) ADJP -> . DETERMINANT ADJECTIVES NOUNS
    (60) ADJP -> . ARTICLES ADJECTIVES NOUNS
    (61) ADJP -> . DETERMINANT ADJECTIVES
    (62) ADJP -> . PRONOUNS ADJECTIVES NOUNS
    (63) ADJP -> . NOUNS ADJECTIVES

    DETERMINANT     shift and go to state 54
    ARTICLES        shift and go to state 64
    PRONOUNS        shift and go to state 65
    NOUNS           shift and go to state 55

    ADJP                           shift and go to state 102

state 52

    (8) S -> VP VP ADJP . LPAREN ADVP RPAREN PUNCTUATION

    LPAREN          shift and go to state 103


state 53

    (15) S -> VP VP PUNCTUATION .

    $end            reduce using rule 15 (S -> VP VP PUNCTUATION .)


state 54

    (59) ADJP -> DETERMINANT . ADJECTIVES NOUNS
    (61) ADJP -> DETERMINANT . ADJECTIVES

    ADJECTIVES      shift and go to state 101


state 55

    (63) ADJP -> NOUNS . ADJECTIVES

    ADJECTIVES      shift and go to state 96


state 56

    (60) ADJP -> ARTICLES . ADJECTIVES NOUNS
    (40) VP -> ARTICLES . NOUNS VERBS ADVERBS VERBS VERBS DETERMINANT

    ADJECTIVES      shift and go to state 100
    NOUNS           shift and go to state 38


state 57

    (62) ADJP -> PRONOUNS . ADJECTIVES NOUNS
    (33) VP -> PRONOUNS . VERBS PRONOUNS
    (34) VP -> PRONOUNS . VERBS
    (35) VP -> PRONOUNS . VERBS VERBS ADVERBS
    (38) VP -> PRONOUNS . VERBS VERBS ADVERBS NOUNS

    ADJECTIVES      shift and go to state 98
    VERBS           shift and go to state 37


state 58

    (2) S -> VP CP PUNCTUATION .

    $end            reduce using rule 2 (S -> VP CP PUNCTUATION .)


state 59

    (21) S -> VP CP LPAREN . CONJUNCTIONS VP RPAREN PUNCTUATION

    CONJUNCTIONS    shift and go to state 104


state 60

    (12) S -> VP LPAREN VP . PP RPAREN PUNCTUATION
    (18) S -> VP LPAREN VP . RPAREN PUNCTUATION
    (48) PP -> . PREPOSITIONS NP VP
    (49) PP -> . PREPOSITIONS VERBS
    (50) PP -> . PREPOSITIONS ADJP
    (51) PP -> . PREPOSITIONS NP
    (52) PP -> . PREPOSITIONS NOUNS
    (53) PP -> . PREPOSITIONS PRONOUNS PRONOUNS NOUNS
    (54) PP -> . PREPOSITIONS ARTICLES NOUNS PREPOSITIONS NOUNS DETERMINANT
    (55) PP -> . PREPOSITIONS ARTICLES NOUNS
    (56) PP -> . PREPOSITIONS NP ARTICLES VERBS

    RPAREN          shift and go to state 106
    PREPOSITIONS    shift and go to state 14

    PP                             shift and go to state 105

state 61

    (6) S -> VP LPAREN PP . RPAREN PUNCTUATION
    (23) S -> VP LPAREN PP . RPAREN

    RPAREN          shift and go to state 107


state 62

    (22) S -> VP LPAREN VERBS . VERBS PP RPAREN PUNCTUATION
    (31) VP -> VERBS . VERBS ADVERBS
    (32) VP -> VERBS . ADVERBS
    (36) VP -> VERBS . PRONOUNS ADVERBS
    (37) VP -> VERBS . ADVERBS VERBS
    (39) VP -> VERBS . ADJECTIVES NOUNS
    (41) VP -> VERBS . NOUNS PP
    (42) VP -> VERBS . ADJECTIVES
    (43) VP -> VERBS . PRONOUNS NOUNS ARTICLES VERBS

    VERBS           shift and go to state 108
    ADVERBS         shift and go to state 30
    PRONOUNS        shift and go to state 31
    ADJECTIVES      shift and go to state 32
    NOUNS           shift and go to state 33


state 63

    (13) S -> VP PP ADJP . PUNCTUATION

    PUNCTUATION     shift and go to state 109


state 64

    (60) ADJP -> ARTICLES . ADJECTIVES NOUNS

    ADJECTIVES      shift and go to state 100


state 65

    (62) ADJP -> PRONOUNS . ADJECTIVES NOUNS

    ADJECTIVES      shift and go to state 98


state 66

    (11) S -> VP ADVP ADJP . PUNCTUATION

    PUNCTUATION     shift and go to state 110


state 67

    (10) S -> VP NP PP . PUNCTUATION

    PUNCTUATION     shift and go to state 111


state 68

    (45) NP -> PRONOUNS NOUNS .

    PREPOSITIONS    reduce using rule 45 (NP -> PRONOUNS NOUNS .)
    ARTICLES        reduce using rule 45 (NP -> PRONOUNS NOUNS .)
    VERBS           reduce using rule 45 (NP -> PRONOUNS NOUNS .)
    PRONOUNS        reduce using rule 45 (NP -> PRONOUNS NOUNS .)
    PUNCTUATION     reduce using rule 45 (NP -> PRONOUNS NOUNS .)
    DETERMINANT     reduce using rule 45 (NP -> PRONOUNS NOUNS .)
    NOUNS           reduce using rule 45 (NP -> PRONOUNS NOUNS .)
    LPAREN          reduce using rule 45 (NP -> PRONOUNS NOUNS .)
    RPAREN          reduce using rule 45 (NP -> PRONOUNS NOUNS .)
    CONJUNCTIONS    reduce using rule 45 (NP -> PRONOUNS NOUNS .)
    ADVERBS         reduce using rule 45 (NP -> PRONOUNS NOUNS .)


state 69

    (44) NP -> NOUNS PREPOSITIONS . ADJECTIVES

    ADJECTIVES      shift and go to state 112


state 70

    (40) VP -> ARTICLES NOUNS . VERBS ADVERBS VERBS VERBS DETERMINANT
    (46) NP -> ARTICLES NOUNS .

    VERBS           shift and go to state 87
    PREPOSITIONS    reduce using rule 46 (NP -> ARTICLES NOUNS .)


state 71

    (47) NP -> DETERMINANT NOUNS .

    PREPOSITIONS    reduce using rule 47 (NP -> DETERMINANT NOUNS .)
    ARTICLES        reduce using rule 47 (NP -> DETERMINANT NOUNS .)
    VERBS           reduce using rule 47 (NP -> DETERMINANT NOUNS .)
    PRONOUNS        reduce using rule 47 (NP -> DETERMINANT NOUNS .)
    PUNCTUATION     reduce using rule 47 (NP -> DETERMINANT NOUNS .)
    DETERMINANT     reduce using rule 47 (NP -> DETERMINANT NOUNS .)
    NOUNS           reduce using rule 47 (NP -> DETERMINANT NOUNS .)
    LPAREN          reduce using rule 47 (NP -> DETERMINANT NOUNS .)
    RPAREN          reduce using rule 47 (NP -> DETERMINANT NOUNS .)
    CONJUNCTIONS    reduce using rule 47 (NP -> DETERMINANT NOUNS .)
    ADVERBS         reduce using rule 47 (NP -> DETERMINANT NOUNS .)


state 72

    (7) S -> CP LPAREN CP . RPAREN PUNCTUATION

    RPAREN          shift and go to state 113


state 73

    (14) S -> CP VP NP . PUNCTUATION

    PUNCTUATION     shift and go to state 114


state 74

    (45) NP -> PRONOUNS . NOUNS

    NOUNS           shift and go to state 68


state 75

    (46) NP -> ARTICLES . NOUNS

    NOUNS           shift and go to state 115


state 76

    (31) VP -> VERBS VERBS ADVERBS .

    LPAREN          reduce using rule 31 (VP -> VERBS VERBS ADVERBS .)
    CONJUNCTIONS    reduce using rule 31 (VP -> VERBS VERBS ADVERBS .)
    VERBS           reduce using rule 31 (VP -> VERBS VERBS ADVERBS .)
    PRONOUNS        reduce using rule 31 (VP -> VERBS VERBS ADVERBS .)
    ARTICLES        reduce using rule 31 (VP -> VERBS VERBS ADVERBS .)
    NOUNS           reduce using rule 31 (VP -> VERBS VERBS ADVERBS .)
    DETERMINANT     reduce using rule 31 (VP -> VERBS VERBS ADVERBS .)
    ADVERBS         reduce using rule 31 (VP -> VERBS VERBS ADVERBS .)
    PREPOSITIONS    reduce using rule 31 (VP -> VERBS VERBS ADVERBS .)
    PUNCTUATION     reduce using rule 31 (VP -> VERBS VERBS ADVERBS .)
    RPAREN          reduce using rule 31 (VP -> VERBS VERBS ADVERBS .)


state 77

    (37) VP -> VERBS ADVERBS VERBS .

    LPAREN          reduce using rule 37 (VP -> VERBS ADVERBS VERBS .)
    CONJUNCTIONS    reduce using rule 37 (VP -> VERBS ADVERBS VERBS .)
    VERBS           reduce using rule 37 (VP -> VERBS ADVERBS VERBS .)
    PRONOUNS        reduce using rule 37 (VP -> VERBS ADVERBS VERBS .)
    ARTICLES        reduce using rule 37 (VP -> VERBS ADVERBS VERBS .)
    NOUNS           reduce using rule 37 (VP -> VERBS ADVERBS VERBS .)
    DETERMINANT     reduce using rule 37 (VP -> VERBS ADVERBS VERBS .)
    ADVERBS         reduce using rule 37 (VP -> VERBS ADVERBS VERBS .)
    PREPOSITIONS    reduce using rule 37 (VP -> VERBS ADVERBS VERBS .)
    PUNCTUATION     reduce using rule 37 (VP -> VERBS ADVERBS VERBS .)
    RPAREN          reduce using rule 37 (VP -> VERBS ADVERBS VERBS .)


state 78

    (36) VP -> VERBS PRONOUNS ADVERBS .

    LPAREN          reduce using rule 36 (VP -> VERBS PRONOUNS ADVERBS .)
    CONJUNCTIONS    reduce using rule 36 (VP -> VERBS PRONOUNS ADVERBS .)
    VERBS           reduce using rule 36 (VP -> VERBS PRONOUNS ADVERBS .)
    PRONOUNS        reduce using rule 36 (VP -> VERBS PRONOUNS ADVERBS .)
    ARTICLES        reduce using rule 36 (VP -> VERBS PRONOUNS ADVERBS .)
    NOUNS           reduce using rule 36 (VP -> VERBS PRONOUNS ADVERBS .)
    DETERMINANT     reduce using rule 36 (VP -> VERBS PRONOUNS ADVERBS .)
    ADVERBS         reduce using rule 36 (VP -> VERBS PRONOUNS ADVERBS .)
    PREPOSITIONS    reduce using rule 36 (VP -> VERBS PRONOUNS ADVERBS .)
    PUNCTUATION     reduce using rule 36 (VP -> VERBS PRONOUNS ADVERBS .)
    RPAREN          reduce using rule 36 (VP -> VERBS PRONOUNS ADVERBS .)


state 79

    (43) VP -> VERBS PRONOUNS NOUNS . ARTICLES VERBS

    ARTICLES        shift and go to state 116


state 80

    (39) VP -> VERBS ADJECTIVES NOUNS .

    LPAREN          reduce using rule 39 (VP -> VERBS ADJECTIVES NOUNS .)
    CONJUNCTIONS    reduce using rule 39 (VP -> VERBS ADJECTIVES NOUNS .)
    VERBS           reduce using rule 39 (VP -> VERBS ADJECTIVES NOUNS .)
    PRONOUNS        reduce using rule 39 (VP -> VERBS ADJECTIVES NOUNS .)
    ARTICLES        reduce using rule 39 (VP -> VERBS ADJECTIVES NOUNS .)
    NOUNS           reduce using rule 39 (VP -> VERBS ADJECTIVES NOUNS .)
    DETERMINANT     reduce using rule 39 (VP -> VERBS ADJECTIVES NOUNS .)
    ADVERBS         reduce using rule 39 (VP -> VERBS ADJECTIVES NOUNS .)
    PREPOSITIONS    reduce using rule 39 (VP -> VERBS ADJECTIVES NOUNS .)
    PUNCTUATION     reduce using rule 39 (VP -> VERBS ADJECTIVES NOUNS .)
    RPAREN          reduce using rule 39 (VP -> VERBS ADJECTIVES NOUNS .)


state 81

    (41) VP -> VERBS NOUNS PP .

    LPAREN          reduce using rule 41 (VP -> VERBS NOUNS PP .)
    CONJUNCTIONS    reduce using rule 41 (VP -> VERBS NOUNS PP .)
    VERBS           reduce using rule 41 (VP -> VERBS NOUNS PP .)
    PRONOUNS        reduce using rule 41 (VP -> VERBS NOUNS PP .)
    ARTICLES        reduce using rule 41 (VP -> VERBS NOUNS PP .)
    NOUNS           reduce using rule 41 (VP -> VERBS NOUNS PP .)
    DETERMINANT     reduce using rule 41 (VP -> VERBS NOUNS PP .)
    ADVERBS         reduce using rule 41 (VP -> VERBS NOUNS PP .)
    PREPOSITIONS    reduce using rule 41 (VP -> VERBS NOUNS PP .)
    PUNCTUATION     reduce using rule 41 (VP -> VERBS NOUNS PP .)
    RPAREN          reduce using rule 41 (VP -> VERBS NOUNS PP .)


state 82

    (27) ADVP -> ADVERBS VERBS ADVERBS .
    (28) ADVP -> ADVERBS VERBS ADVERBS . NOUNS

  ! shift/reduce conflict for NOUNS resolved as shift
    PUNCTUATION     reduce using rule 27 (ADVP -> ADVERBS VERBS ADVERBS .)
    LPAREN          reduce using rule 27 (ADVP -> ADVERBS VERBS ADVERBS .)
    VERBS           reduce using rule 27 (ADVP -> ADVERBS VERBS ADVERBS .)
    PRONOUNS        reduce using rule 27 (ADVP -> ADVERBS VERBS ADVERBS .)
    ARTICLES        reduce using rule 27 (ADVP -> ADVERBS VERBS ADVERBS .)
    PREPOSITIONS    reduce using rule 27 (ADVP -> ADVERBS VERBS ADVERBS .)
    DETERMINANT     reduce using rule 27 (ADVP -> ADVERBS VERBS ADVERBS .)
    RPAREN          reduce using rule 27 (ADVP -> ADVERBS VERBS ADVERBS .)
    NOUNS           shift and go to state 117

  ! NOUNS           [ reduce using rule 27 (ADVP -> ADVERBS VERBS ADVERBS .) ]


state 83

    (26) ADVP -> ADVERBS VERBS ADJP .

    PUNCTUATION     reduce using rule 26 (ADVP -> ADVERBS VERBS ADJP .)
    LPAREN          reduce using rule 26 (ADVP -> ADVERBS VERBS ADJP .)
    VERBS           reduce using rule 26 (ADVP -> ADVERBS VERBS ADJP .)
    PRONOUNS        reduce using rule 26 (ADVP -> ADVERBS VERBS ADJP .)
    ARTICLES        reduce using rule 26 (ADVP -> ADVERBS VERBS ADJP .)
    PREPOSITIONS    reduce using rule 26 (ADVP -> ADVERBS VERBS ADJP .)
    DETERMINANT     reduce using rule 26 (ADVP -> ADVERBS VERBS ADJP .)
    NOUNS           reduce using rule 26 (ADVP -> ADVERBS VERBS ADJP .)
    RPAREN          reduce using rule 26 (ADVP -> ADVERBS VERBS ADJP .)


state 84

    (30) ADVP -> ADVERBS VERBS DETERMINANT . VERBS NOUNS
    (59) ADJP -> DETERMINANT . ADJECTIVES NOUNS
    (61) ADJP -> DETERMINANT . ADJECTIVES

    VERBS           shift and go to state 118
    ADJECTIVES      shift and go to state 101


state 85

    (33) VP -> PRONOUNS VERBS PRONOUNS .

    LPAREN          reduce using rule 33 (VP -> PRONOUNS VERBS PRONOUNS .)
    CONJUNCTIONS    reduce using rule 33 (VP -> PRONOUNS VERBS PRONOUNS .)
    VERBS           reduce using rule 33 (VP -> PRONOUNS VERBS PRONOUNS .)
    PRONOUNS        reduce using rule 33 (VP -> PRONOUNS VERBS PRONOUNS .)
    ARTICLES        reduce using rule 33 (VP -> PRONOUNS VERBS PRONOUNS .)
    NOUNS           reduce using rule 33 (VP -> PRONOUNS VERBS PRONOUNS .)
    DETERMINANT     reduce using rule 33 (VP -> PRONOUNS VERBS PRONOUNS .)
    ADVERBS         reduce using rule 33 (VP -> PRONOUNS VERBS PRONOUNS .)
    PREPOSITIONS    reduce using rule 33 (VP -> PRONOUNS VERBS PRONOUNS .)
    PUNCTUATION     reduce using rule 33 (VP -> PRONOUNS VERBS PRONOUNS .)
    RPAREN          reduce using rule 33 (VP -> PRONOUNS VERBS PRONOUNS .)


state 86

    (35) VP -> PRONOUNS VERBS VERBS . ADVERBS
    (38) VP -> PRONOUNS VERBS VERBS . ADVERBS NOUNS

    ADVERBS         shift and go to state 119


state 87

    (40) VP -> ARTICLES NOUNS VERBS . ADVERBS VERBS VERBS DETERMINANT

    ADVERBS         shift and go to state 120


state 88

    (1) S -> ADVP PUNCTUATION ADVP PUNCTUATION .

    $end            reduce using rule 1 (S -> ADVP PUNCTUATION ADVP PUNCTUATION .)


state 89

    (3) S -> ADVP LPAREN INTERJECTIONS NP . RPAREN PUNCTUATION

    RPAREN          shift and go to state 121


state 90

    (17) S -> ADVP LPAREN INTERJECTIONS RPAREN . PUNCTUATION

    PUNCTUATION     shift and go to state 122


state 91

    (19) S -> ADVP LPAREN INTERJECTIONS NOUNS . RPAREN PUNCTUATION
    (44) NP -> NOUNS . PREPOSITIONS ADJECTIVES

    RPAREN          shift and go to state 123
    PREPOSITIONS    shift and go to state 69


state 92

    (4) S -> ADVP LPAREN VP RPAREN . PUNCTUATION

    PUNCTUATION     shift and go to state 124


state 93

    (9) S -> ADVP VP PP LPAREN . ADVP RPAREN PUNCTUATION
    (24) ADVP -> . ADVERBS NOUNS
    (25) ADVP -> . ADVERBS VERBS
    (26) ADVP -> . ADVERBS VERBS ADJP
    (27) ADVP -> . ADVERBS VERBS ADVERBS
    (28) ADVP -> . ADVERBS VERBS ADVERBS NOUNS
    (29) ADVP -> . ADVERBS PP
    (30) ADVP -> . ADVERBS VERBS DETERMINANT VERBS NOUNS

    ADVERBS         shift and go to state 7

    ADVP                           shift and go to state 125

state 94

    (48) PP -> PREPOSITIONS NP VP .

    PUNCTUATION     reduce using rule 48 (PP -> PREPOSITIONS NP VP .)
    DETERMINANT     reduce using rule 48 (PP -> PREPOSITIONS NP VP .)
    ARTICLES        reduce using rule 48 (PP -> PREPOSITIONS NP VP .)
    PRONOUNS        reduce using rule 48 (PP -> PREPOSITIONS NP VP .)
    NOUNS           reduce using rule 48 (PP -> PREPOSITIONS NP VP .)
    LPAREN          reduce using rule 48 (PP -> PREPOSITIONS NP VP .)
    VERBS           reduce using rule 48 (PP -> PREPOSITIONS NP VP .)
    PREPOSITIONS    reduce using rule 48 (PP -> PREPOSITIONS NP VP .)
    RPAREN          reduce using rule 48 (PP -> PREPOSITIONS NP VP .)
    CONJUNCTIONS    reduce using rule 48 (PP -> PREPOSITIONS NP VP .)
    ADVERBS         reduce using rule 48 (PP -> PREPOSITIONS NP VP .)


state 95

    (56) PP -> PREPOSITIONS NP ARTICLES . VERBS
    (40) VP -> ARTICLES . NOUNS VERBS ADVERBS VERBS VERBS DETERMINANT

    VERBS           shift and go to state 126
    NOUNS           shift and go to state 38


state 96

    (63) ADJP -> NOUNS ADJECTIVES .

    PUNCTUATION     reduce using rule 63 (ADJP -> NOUNS ADJECTIVES .)
    DETERMINANT     reduce using rule 63 (ADJP -> NOUNS ADJECTIVES .)
    ARTICLES        reduce using rule 63 (ADJP -> NOUNS ADJECTIVES .)
    PRONOUNS        reduce using rule 63 (ADJP -> NOUNS ADJECTIVES .)
    NOUNS           reduce using rule 63 (ADJP -> NOUNS ADJECTIVES .)
    LPAREN          reduce using rule 63 (ADJP -> NOUNS ADJECTIVES .)
    VERBS           reduce using rule 63 (ADJP -> NOUNS ADJECTIVES .)
    PREPOSITIONS    reduce using rule 63 (ADJP -> NOUNS ADJECTIVES .)
    RPAREN          reduce using rule 63 (ADJP -> NOUNS ADJECTIVES .)
    CONJUNCTIONS    reduce using rule 63 (ADJP -> NOUNS ADJECTIVES .)
    ADVERBS         reduce using rule 63 (ADJP -> NOUNS ADJECTIVES .)


state 97

    (53) PP -> PREPOSITIONS PRONOUNS PRONOUNS . NOUNS

    NOUNS           shift and go to state 127


state 98

    (62) ADJP -> PRONOUNS ADJECTIVES . NOUNS

    NOUNS           shift and go to state 128


state 99

    (54) PP -> PREPOSITIONS ARTICLES NOUNS . PREPOSITIONS NOUNS DETERMINANT
    (55) PP -> PREPOSITIONS ARTICLES NOUNS .
    (46) NP -> ARTICLES NOUNS .

  ! shift/reduce conflict for PREPOSITIONS resolved as shift
  ! reduce/reduce conflict for ARTICLES resolved using rule 46 (NP -> ARTICLES NOUNS .)
  ! reduce/reduce conflict for VERBS resolved using rule 46 (NP -> ARTICLES NOUNS .)
  ! reduce/reduce conflict for PRONOUNS resolved using rule 46 (NP -> ARTICLES NOUNS .)
  ! reduce/reduce conflict for PUNCTUATION resolved using rule 46 (NP -> ARTICLES NOUNS .)
  ! reduce/reduce conflict for DETERMINANT resolved using rule 46 (NP -> ARTICLES NOUNS .)
  ! reduce/reduce conflict for NOUNS resolved using rule 46 (NP -> ARTICLES NOUNS .)
  ! reduce/reduce conflict for LPAREN resolved using rule 46 (NP -> ARTICLES NOUNS .)
  ! shift/reduce conflict for PREPOSITIONS resolved as shift
  ! reduce/reduce conflict for RPAREN resolved using rule 46 (NP -> ARTICLES NOUNS .)
  ! reduce/reduce conflict for CONJUNCTIONS resolved using rule 46 (NP -> ARTICLES NOUNS .)
  ! reduce/reduce conflict for ADVERBS resolved using rule 46 (NP -> ARTICLES NOUNS .)
    PREPOSITIONS    shift and go to state 129
    ARTICLES        reduce using rule 46 (NP -> ARTICLES NOUNS .)
    VERBS           reduce using rule 46 (NP -> ARTICLES NOUNS .)
    PRONOUNS        reduce using rule 46 (NP -> ARTICLES NOUNS .)
    PUNCTUATION     reduce using rule 46 (NP -> ARTICLES NOUNS .)
    DETERMINANT     reduce using rule 46 (NP -> ARTICLES NOUNS .)
    NOUNS           reduce using rule 46 (NP -> ARTICLES NOUNS .)
    LPAREN          reduce using rule 46 (NP -> ARTICLES NOUNS .)
    RPAREN          reduce using rule 46 (NP -> ARTICLES NOUNS .)
    CONJUNCTIONS    reduce using rule 46 (NP -> ARTICLES NOUNS .)
    ADVERBS         reduce using rule 46 (NP -> ARTICLES NOUNS .)

  ! PUNCTUATION     [ reduce using rule 55 (PP -> PREPOSITIONS ARTICLES NOUNS .) ]
  ! DETERMINANT     [ reduce using rule 55 (PP -> PREPOSITIONS ARTICLES NOUNS .) ]
  ! ARTICLES        [ reduce using rule 55 (PP -> PREPOSITIONS ARTICLES NOUNS .) ]
  ! PRONOUNS        [ reduce using rule 55 (PP -> PREPOSITIONS ARTICLES NOUNS .) ]
  ! NOUNS           [ reduce using rule 55 (PP -> PREPOSITIONS ARTICLES NOUNS .) ]
  ! LPAREN          [ reduce using rule 55 (PP -> PREPOSITIONS ARTICLES NOUNS .) ]
  ! VERBS           [ reduce using rule 55 (PP -> PREPOSITIONS ARTICLES NOUNS .) ]
  ! PREPOSITIONS    [ reduce using rule 55 (PP -> PREPOSITIONS ARTICLES NOUNS .) ]
  ! RPAREN          [ reduce using rule 55 (PP -> PREPOSITIONS ARTICLES NOUNS .) ]
  ! CONJUNCTIONS    [ reduce using rule 55 (PP -> PREPOSITIONS ARTICLES NOUNS .) ]
  ! ADVERBS         [ reduce using rule 55 (PP -> PREPOSITIONS ARTICLES NOUNS .) ]
  ! PREPOSITIONS    [ reduce using rule 46 (NP -> ARTICLES NOUNS .) ]


state 100

    (60) ADJP -> ARTICLES ADJECTIVES . NOUNS

    NOUNS           shift and go to state 130


state 101

    (59) ADJP -> DETERMINANT ADJECTIVES . NOUNS
    (61) ADJP -> DETERMINANT ADJECTIVES .

  ! shift/reduce conflict for NOUNS resolved as shift
    NOUNS           shift and go to state 131
    PUNCTUATION     reduce using rule 61 (ADJP -> DETERMINANT ADJECTIVES .)
    DETERMINANT     reduce using rule 61 (ADJP -> DETERMINANT ADJECTIVES .)
    ARTICLES        reduce using rule 61 (ADJP -> DETERMINANT ADJECTIVES .)
    PRONOUNS        reduce using rule 61 (ADJP -> DETERMINANT ADJECTIVES .)
    LPAREN          reduce using rule 61 (ADJP -> DETERMINANT ADJECTIVES .)
    VERBS           reduce using rule 61 (ADJP -> DETERMINANT ADJECTIVES .)
    PREPOSITIONS    reduce using rule 61 (ADJP -> DETERMINANT ADJECTIVES .)
    RPAREN          reduce using rule 61 (ADJP -> DETERMINANT ADJECTIVES .)
    CONJUNCTIONS    reduce using rule 61 (ADJP -> DETERMINANT ADJECTIVES .)
    ADVERBS         reduce using rule 61 (ADJP -> DETERMINANT ADJECTIVES .)

  ! NOUNS           [ reduce using rule 61 (ADJP -> DETERMINANT ADJECTIVES .) ]


state 102

    (20) S -> VP VP VP ADJP . LPAREN ADVP RPAREN PUNCTUATION

    LPAREN          shift and go to state 132


state 103

    (8) S -> VP VP ADJP LPAREN . ADVP RPAREN PUNCTUATION
    (24) ADVP -> . ADVERBS NOUNS
    (25) ADVP -> . ADVERBS VERBS
    (26) ADVP -> . ADVERBS VERBS ADJP
    (27) ADVP -> . ADVERBS VERBS ADVERBS
    (28) ADVP -> . ADVERBS VERBS ADVERBS NOUNS
    (29) ADVP -> . ADVERBS PP
    (30) ADVP -> . ADVERBS VERBS DETERMINANT VERBS NOUNS

    ADVERBS         shift and go to state 7

    ADVP                           shift and go to state 133

state 104

    (21) S -> VP CP LPAREN CONJUNCTIONS . VP RPAREN PUNCTUATION
    (31) VP -> . VERBS VERBS ADVERBS
    (32) VP -> . VERBS ADVERBS
    (33) VP -> . PRONOUNS VERBS PRONOUNS
    (34) VP -> . PRONOUNS VERBS
    (35) VP -> . PRONOUNS VERBS VERBS ADVERBS
    (36) VP -> . VERBS PRONOUNS ADVERBS
    (37) VP -> . VERBS ADVERBS VERBS
    (38) VP -> . PRONOUNS VERBS VERBS ADVERBS NOUNS
    (39) VP -> . VERBS ADJECTIVES NOUNS
    (40) VP -> . ARTICLES NOUNS VERBS ADVERBS VERBS VERBS DETERMINANT
    (41) VP -> . VERBS NOUNS PP
    (42) VP -> . VERBS ADJECTIVES
    (43) VP -> . VERBS PRONOUNS NOUNS ARTICLES VERBS

    VERBS           shift and go to state 6
    PRONOUNS        shift and go to state 8
    ARTICLES        shift and go to state 9

    VP                             shift and go to state 134

state 105

    (12) S -> VP LPAREN VP PP . RPAREN PUNCTUATION

    RPAREN          shift and go to state 135


state 106

    (18) S -> VP LPAREN VP RPAREN . PUNCTUATION

    PUNCTUATION     shift and go to state 136


state 107

    (6) S -> VP LPAREN PP RPAREN . PUNCTUATION
    (23) S -> VP LPAREN PP RPAREN .

    PUNCTUATION     shift and go to state 137
    $end            reduce using rule 23 (S -> VP LPAREN PP RPAREN .)


state 108

    (22) S -> VP LPAREN VERBS VERBS . PP RPAREN PUNCTUATION
    (31) VP -> VERBS VERBS . ADVERBS
    (48) PP -> . PREPOSITIONS NP VP
    (49) PP -> . PREPOSITIONS VERBS
    (50) PP -> . PREPOSITIONS ADJP
    (51) PP -> . PREPOSITIONS NP
    (52) PP -> . PREPOSITIONS NOUNS
    (53) PP -> . PREPOSITIONS PRONOUNS PRONOUNS NOUNS
    (54) PP -> . PREPOSITIONS ARTICLES NOUNS PREPOSITIONS NOUNS DETERMINANT
    (55) PP -> . PREPOSITIONS ARTICLES NOUNS
    (56) PP -> . PREPOSITIONS NP ARTICLES VERBS

    ADVERBS         shift and go to state 76
    PREPOSITIONS    shift and go to state 14

    PP                             shift and go to state 138

state 109

    (13) S -> VP PP ADJP PUNCTUATION .

    $end            reduce using rule 13 (S -> VP PP ADJP PUNCTUATION .)


state 110

    (11) S -> VP ADVP ADJP PUNCTUATION .

    $end            reduce using rule 11 (S -> VP ADVP ADJP PUNCTUATION .)


state 111

    (10) S -> VP NP PP PUNCTUATION .

    $end            reduce using rule 10 (S -> VP NP PP PUNCTUATION .)


state 112

    (44) NP -> NOUNS PREPOSITIONS ADJECTIVES .

    PREPOSITIONS    reduce using rule 44 (NP -> NOUNS PREPOSITIONS ADJECTIVES .)
    ARTICLES        reduce using rule 44 (NP -> NOUNS PREPOSITIONS ADJECTIVES .)
    VERBS           reduce using rule 44 (NP -> NOUNS PREPOSITIONS ADJECTIVES .)
    PRONOUNS        reduce using rule 44 (NP -> NOUNS PREPOSITIONS ADJECTIVES .)
    PUNCTUATION     reduce using rule 44 (NP -> NOUNS PREPOSITIONS ADJECTIVES .)
    DETERMINANT     reduce using rule 44 (NP -> NOUNS PREPOSITIONS ADJECTIVES .)
    NOUNS           reduce using rule 44 (NP -> NOUNS PREPOSITIONS ADJECTIVES .)
    LPAREN          reduce using rule 44 (NP -> NOUNS PREPOSITIONS ADJECTIVES .)
    RPAREN          reduce using rule 44 (NP -> NOUNS PREPOSITIONS ADJECTIVES .)
    CONJUNCTIONS    reduce using rule 44 (NP -> NOUNS PREPOSITIONS ADJECTIVES .)
    ADVERBS         reduce using rule 44 (NP -> NOUNS PREPOSITIONS ADJECTIVES .)


state 113

    (7) S -> CP LPAREN CP RPAREN . PUNCTUATION

    PUNCTUATION     shift and go to state 139


state 114

    (14) S -> CP VP NP PUNCTUATION .

    $end            reduce using rule 14 (S -> CP VP NP PUNCTUATION .)


state 115

    (46) NP -> ARTICLES NOUNS .

    PUNCTUATION     reduce using rule 46 (NP -> ARTICLES NOUNS .)
    RPAREN          reduce using rule 46 (NP -> ARTICLES NOUNS .)


state 116

    (43) VP -> VERBS PRONOUNS NOUNS ARTICLES . VERBS

    VERBS           shift and go to state 140


state 117

    (28) ADVP -> ADVERBS VERBS ADVERBS NOUNS .

    PUNCTUATION     reduce using rule 28 (ADVP -> ADVERBS VERBS ADVERBS NOUNS .)
    LPAREN          reduce using rule 28 (ADVP -> ADVERBS VERBS ADVERBS NOUNS .)
    VERBS           reduce using rule 28 (ADVP -> ADVERBS VERBS ADVERBS NOUNS .)
    PRONOUNS        reduce using rule 28 (ADVP -> ADVERBS VERBS ADVERBS NOUNS .)
    ARTICLES        reduce using rule 28 (ADVP -> ADVERBS VERBS ADVERBS NOUNS .)
    PREPOSITIONS    reduce using rule 28 (ADVP -> ADVERBS VERBS ADVERBS NOUNS .)
    DETERMINANT     reduce using rule 28 (ADVP -> ADVERBS VERBS ADVERBS NOUNS .)
    NOUNS           reduce using rule 28 (ADVP -> ADVERBS VERBS ADVERBS NOUNS .)
    RPAREN          reduce using rule 28 (ADVP -> ADVERBS VERBS ADVERBS NOUNS .)


state 118

    (30) ADVP -> ADVERBS VERBS DETERMINANT VERBS . NOUNS

    NOUNS           shift and go to state 141


state 119

    (35) VP -> PRONOUNS VERBS VERBS ADVERBS .
    (38) VP -> PRONOUNS VERBS VERBS ADVERBS . NOUNS

  ! shift/reduce conflict for NOUNS resolved as shift
    LPAREN          reduce using rule 35 (VP -> PRONOUNS VERBS VERBS ADVERBS .)
    CONJUNCTIONS    reduce using rule 35 (VP -> PRONOUNS VERBS VERBS ADVERBS .)
    VERBS           reduce using rule 35 (VP -> PRONOUNS VERBS VERBS ADVERBS .)
    PRONOUNS        reduce using rule 35 (VP -> PRONOUNS VERBS VERBS ADVERBS .)
    ARTICLES        reduce using rule 35 (VP -> PRONOUNS VERBS VERBS ADVERBS .)
    DETERMINANT     reduce using rule 35 (VP -> PRONOUNS VERBS VERBS ADVERBS .)
    ADVERBS         reduce using rule 35 (VP -> PRONOUNS VERBS VERBS ADVERBS .)
    PREPOSITIONS    reduce using rule 35 (VP -> PRONOUNS VERBS VERBS ADVERBS .)
    PUNCTUATION     reduce using rule 35 (VP -> PRONOUNS VERBS VERBS ADVERBS .)
    RPAREN          reduce using rule 35 (VP -> PRONOUNS VERBS VERBS ADVERBS .)
    NOUNS           shift and go to state 142

  ! NOUNS           [ reduce using rule 35 (VP -> PRONOUNS VERBS VERBS ADVERBS .) ]


state 120

    (40) VP -> ARTICLES NOUNS VERBS ADVERBS . VERBS VERBS DETERMINANT

    VERBS           shift and go to state 143


state 121

    (3) S -> ADVP LPAREN INTERJECTIONS NP RPAREN . PUNCTUATION

    PUNCTUATION     shift and go to state 144


state 122

    (17) S -> ADVP LPAREN INTERJECTIONS RPAREN PUNCTUATION .

    $end            reduce using rule 17 (S -> ADVP LPAREN INTERJECTIONS RPAREN PUNCTUATION .)


state 123

    (19) S -> ADVP LPAREN INTERJECTIONS NOUNS RPAREN . PUNCTUATION

    PUNCTUATION     shift and go to state 145


state 124

    (4) S -> ADVP LPAREN VP RPAREN PUNCTUATION .

    $end            reduce using rule 4 (S -> ADVP LPAREN VP RPAREN PUNCTUATION .)


state 125

    (9) S -> ADVP VP PP LPAREN ADVP . RPAREN PUNCTUATION

    RPAREN          shift and go to state 146


state 126

    (56) PP -> PREPOSITIONS NP ARTICLES VERBS .

    PUNCTUATION     reduce using rule 56 (PP -> PREPOSITIONS NP ARTICLES VERBS .)
    DETERMINANT     reduce using rule 56 (PP -> PREPOSITIONS NP ARTICLES VERBS .)
    ARTICLES        reduce using rule 56 (PP -> PREPOSITIONS NP ARTICLES VERBS .)
    PRONOUNS        reduce using rule 56 (PP -> PREPOSITIONS NP ARTICLES VERBS .)
    NOUNS           reduce using rule 56 (PP -> PREPOSITIONS NP ARTICLES VERBS .)
    LPAREN          reduce using rule 56 (PP -> PREPOSITIONS NP ARTICLES VERBS .)
    VERBS           reduce using rule 56 (PP -> PREPOSITIONS NP ARTICLES VERBS .)
    PREPOSITIONS    reduce using rule 56 (PP -> PREPOSITIONS NP ARTICLES VERBS .)
    RPAREN          reduce using rule 56 (PP -> PREPOSITIONS NP ARTICLES VERBS .)
    CONJUNCTIONS    reduce using rule 56 (PP -> PREPOSITIONS NP ARTICLES VERBS .)
    ADVERBS         reduce using rule 56 (PP -> PREPOSITIONS NP ARTICLES VERBS .)


state 127

    (53) PP -> PREPOSITIONS PRONOUNS PRONOUNS NOUNS .

    PUNCTUATION     reduce using rule 53 (PP -> PREPOSITIONS PRONOUNS PRONOUNS NOUNS .)
    DETERMINANT     reduce using rule 53 (PP -> PREPOSITIONS PRONOUNS PRONOUNS NOUNS .)
    ARTICLES        reduce using rule 53 (PP -> PREPOSITIONS PRONOUNS PRONOUNS NOUNS .)
    PRONOUNS        reduce using rule 53 (PP -> PREPOSITIONS PRONOUNS PRONOUNS NOUNS .)
    NOUNS           reduce using rule 53 (PP -> PREPOSITIONS PRONOUNS PRONOUNS NOUNS .)
    LPAREN          reduce using rule 53 (PP -> PREPOSITIONS PRONOUNS PRONOUNS NOUNS .)
    VERBS           reduce using rule 53 (PP -> PREPOSITIONS PRONOUNS PRONOUNS NOUNS .)
    PREPOSITIONS    reduce using rule 53 (PP -> PREPOSITIONS PRONOUNS PRONOUNS NOUNS .)
    RPAREN          reduce using rule 53 (PP -> PREPOSITIONS PRONOUNS PRONOUNS NOUNS .)
    CONJUNCTIONS    reduce using rule 53 (PP -> PREPOSITIONS PRONOUNS PRONOUNS NOUNS .)
    ADVERBS         reduce using rule 53 (PP -> PREPOSITIONS PRONOUNS PRONOUNS NOUNS .)


state 128

    (62) ADJP -> PRONOUNS ADJECTIVES NOUNS .

    PUNCTUATION     reduce using rule 62 (ADJP -> PRONOUNS ADJECTIVES NOUNS .)
    DETERMINANT     reduce using rule 62 (ADJP -> PRONOUNS ADJECTIVES NOUNS .)
    ARTICLES        reduce using rule 62 (ADJP -> PRONOUNS ADJECTIVES NOUNS .)
    PRONOUNS        reduce using rule 62 (ADJP -> PRONOUNS ADJECTIVES NOUNS .)
    NOUNS           reduce using rule 62 (ADJP -> PRONOUNS ADJECTIVES NOUNS .)
    LPAREN          reduce using rule 62 (ADJP -> PRONOUNS ADJECTIVES NOUNS .)
    VERBS           reduce using rule 62 (ADJP -> PRONOUNS ADJECTIVES NOUNS .)
    PREPOSITIONS    reduce using rule 62 (ADJP -> PRONOUNS ADJECTIVES NOUNS .)
    RPAREN          reduce using rule 62 (ADJP -> PRONOUNS ADJECTIVES NOUNS .)
    CONJUNCTIONS    reduce using rule 62 (ADJP -> PRONOUNS ADJECTIVES NOUNS .)
    ADVERBS         reduce using rule 62 (ADJP -> PRONOUNS ADJECTIVES NOUNS .)


state 129

    (54) PP -> PREPOSITIONS ARTICLES NOUNS PREPOSITIONS . NOUNS DETERMINANT

    NOUNS           shift and go to state 147


state 130

    (60) ADJP -> ARTICLES ADJECTIVES NOUNS .

    PUNCTUATION     reduce using rule 60 (ADJP -> ARTICLES ADJECTIVES NOUNS .)
    DETERMINANT     reduce using rule 60 (ADJP -> ARTICLES ADJECTIVES NOUNS .)
    ARTICLES        reduce using rule 60 (ADJP -> ARTICLES ADJECTIVES NOUNS .)
    PRONOUNS        reduce using rule 60 (ADJP -> ARTICLES ADJECTIVES NOUNS .)
    NOUNS           reduce using rule 60 (ADJP -> ARTICLES ADJECTIVES NOUNS .)
    LPAREN          reduce using rule 60 (ADJP -> ARTICLES ADJECTIVES NOUNS .)
    VERBS           reduce using rule 60 (ADJP -> ARTICLES ADJECTIVES NOUNS .)
    PREPOSITIONS    reduce using rule 60 (ADJP -> ARTICLES ADJECTIVES NOUNS .)
    RPAREN          reduce using rule 60 (ADJP -> ARTICLES ADJECTIVES NOUNS .)
    CONJUNCTIONS    reduce using rule 60 (ADJP -> ARTICLES ADJECTIVES NOUNS .)
    ADVERBS         reduce using rule 60 (ADJP -> ARTICLES ADJECTIVES NOUNS .)


state 131

    (59) ADJP -> DETERMINANT ADJECTIVES NOUNS .

    PUNCTUATION     reduce using rule 59 (ADJP -> DETERMINANT ADJECTIVES NOUNS .)
    DETERMINANT     reduce using rule 59 (ADJP -> DETERMINANT ADJECTIVES NOUNS .)
    ARTICLES        reduce using rule 59 (ADJP -> DETERMINANT ADJECTIVES NOUNS .)
    PRONOUNS        reduce using rule 59 (ADJP -> DETERMINANT ADJECTIVES NOUNS .)
    NOUNS           reduce using rule 59 (ADJP -> DETERMINANT ADJECTIVES NOUNS .)
    LPAREN          reduce using rule 59 (ADJP -> DETERMINANT ADJECTIVES NOUNS .)
    VERBS           reduce using rule 59 (ADJP -> DETERMINANT ADJECTIVES NOUNS .)
    PREPOSITIONS    reduce using rule 59 (ADJP -> DETERMINANT ADJECTIVES NOUNS .)
    RPAREN          reduce using rule 59 (ADJP -> DETERMINANT ADJECTIVES NOUNS .)
    CONJUNCTIONS    reduce using rule 59 (ADJP -> DETERMINANT ADJECTIVES NOUNS .)
    ADVERBS         reduce using rule 59 (ADJP -> DETERMINANT ADJECTIVES NOUNS .)


state 132

    (20) S -> VP VP VP ADJP LPAREN . ADVP RPAREN PUNCTUATION
    (24) ADVP -> . ADVERBS NOUNS
    (25) ADVP -> . ADVERBS VERBS
    (26) ADVP -> . ADVERBS VERBS ADJP
    (27) ADVP -> . ADVERBS VERBS ADVERBS
    (28) ADVP -> . ADVERBS VERBS ADVERBS NOUNS
    (29) ADVP -> . ADVERBS PP
    (30) ADVP -> . ADVERBS VERBS DETERMINANT VERBS NOUNS

    ADVERBS         shift and go to state 7

    ADVP                           shift and go to state 148

state 133

    (8) S -> VP VP ADJP LPAREN ADVP . RPAREN PUNCTUATION

    RPAREN          shift and go to state 149


state 134

    (21) S -> VP CP LPAREN CONJUNCTIONS VP . RPAREN PUNCTUATION

    RPAREN          shift and go to state 150


state 135

    (12) S -> VP LPAREN VP PP RPAREN . PUNCTUATION

    PUNCTUATION     shift and go to state 151


state 136

    (18) S -> VP LPAREN VP RPAREN PUNCTUATION .

    $end            reduce using rule 18 (S -> VP LPAREN VP RPAREN PUNCTUATION .)


state 137

    (6) S -> VP LPAREN PP RPAREN PUNCTUATION .

    $end            reduce using rule 6 (S -> VP LPAREN PP RPAREN PUNCTUATION .)


state 138

    (22) S -> VP LPAREN VERBS VERBS PP . RPAREN PUNCTUATION

    RPAREN          shift and go to state 152


state 139

    (7) S -> CP LPAREN CP RPAREN PUNCTUATION .

    $end            reduce using rule 7 (S -> CP LPAREN CP RPAREN PUNCTUATION .)


state 140

    (43) VP -> VERBS PRONOUNS NOUNS ARTICLES VERBS .

    LPAREN          reduce using rule 43 (VP -> VERBS PRONOUNS NOUNS ARTICLES VERBS .)
    CONJUNCTIONS    reduce using rule 43 (VP -> VERBS PRONOUNS NOUNS ARTICLES VERBS .)
    VERBS           reduce using rule 43 (VP -> VERBS PRONOUNS NOUNS ARTICLES VERBS .)
    PRONOUNS        reduce using rule 43 (VP -> VERBS PRONOUNS NOUNS ARTICLES VERBS .)
    ARTICLES        reduce using rule 43 (VP -> VERBS PRONOUNS NOUNS ARTICLES VERBS .)
    NOUNS           reduce using rule 43 (VP -> VERBS PRONOUNS NOUNS ARTICLES VERBS .)
    DETERMINANT     reduce using rule 43 (VP -> VERBS PRONOUNS NOUNS ARTICLES VERBS .)
    ADVERBS         reduce using rule 43 (VP -> VERBS PRONOUNS NOUNS ARTICLES VERBS .)
    PREPOSITIONS    reduce using rule 43 (VP -> VERBS PRONOUNS NOUNS ARTICLES VERBS .)
    PUNCTUATION     reduce using rule 43 (VP -> VERBS PRONOUNS NOUNS ARTICLES VERBS .)
    RPAREN          reduce using rule 43 (VP -> VERBS PRONOUNS NOUNS ARTICLES VERBS .)


state 141

    (30) ADVP -> ADVERBS VERBS DETERMINANT VERBS NOUNS .

    PUNCTUATION     reduce using rule 30 (ADVP -> ADVERBS VERBS DETERMINANT VERBS NOUNS .)
    LPAREN          reduce using rule 30 (ADVP -> ADVERBS VERBS DETERMINANT VERBS NOUNS .)
    VERBS           reduce using rule 30 (ADVP -> ADVERBS VERBS DETERMINANT VERBS NOUNS .)
    PRONOUNS        reduce using rule 30 (ADVP -> ADVERBS VERBS DETERMINANT VERBS NOUNS .)
    ARTICLES        reduce using rule 30 (ADVP -> ADVERBS VERBS DETERMINANT VERBS NOUNS .)
    PREPOSITIONS    reduce using rule 30 (ADVP -> ADVERBS VERBS DETERMINANT VERBS NOUNS .)
    DETERMINANT     reduce using rule 30 (ADVP -> ADVERBS VERBS DETERMINANT VERBS NOUNS .)
    NOUNS           reduce using rule 30 (ADVP -> ADVERBS VERBS DETERMINANT VERBS NOUNS .)
    RPAREN          reduce using rule 30 (ADVP -> ADVERBS VERBS DETERMINANT VERBS NOUNS .)


state 142

    (38) VP -> PRONOUNS VERBS VERBS ADVERBS NOUNS .

    LPAREN          reduce using rule 38 (VP -> PRONOUNS VERBS VERBS ADVERBS NOUNS .)
    CONJUNCTIONS    reduce using rule 38 (VP -> PRONOUNS VERBS VERBS ADVERBS NOUNS .)
    VERBS           reduce using rule 38 (VP -> PRONOUNS VERBS VERBS ADVERBS NOUNS .)
    PRONOUNS        reduce using rule 38 (VP -> PRONOUNS VERBS VERBS ADVERBS NOUNS .)
    ARTICLES        reduce using rule 38 (VP -> PRONOUNS VERBS VERBS ADVERBS NOUNS .)
    NOUNS           reduce using rule 38 (VP -> PRONOUNS VERBS VERBS ADVERBS NOUNS .)
    DETERMINANT     reduce using rule 38 (VP -> PRONOUNS VERBS VERBS ADVERBS NOUNS .)
    ADVERBS         reduce using rule 38 (VP -> PRONOUNS VERBS VERBS ADVERBS NOUNS .)
    PREPOSITIONS    reduce using rule 38 (VP -> PRONOUNS VERBS VERBS ADVERBS NOUNS .)
    PUNCTUATION     reduce using rule 38 (VP -> PRONOUNS VERBS VERBS ADVERBS NOUNS .)
    RPAREN          reduce using rule 38 (VP -> PRONOUNS VERBS VERBS ADVERBS NOUNS .)


state 143

    (40) VP -> ARTICLES NOUNS VERBS ADVERBS VERBS . VERBS DETERMINANT

    VERBS           shift and go to state 153


state 144

    (3) S -> ADVP LPAREN INTERJECTIONS NP RPAREN PUNCTUATION .

    $end            reduce using rule 3 (S -> ADVP LPAREN INTERJECTIONS NP RPAREN PUNCTUATION .)


state 145

    (19) S -> ADVP LPAREN INTERJECTIONS NOUNS RPAREN PUNCTUATION .

    $end            reduce using rule 19 (S -> ADVP LPAREN INTERJECTIONS NOUNS RPAREN PUNCTUATION .)


state 146

    (9) S -> ADVP VP PP LPAREN ADVP RPAREN . PUNCTUATION

    PUNCTUATION     shift and go to state 154


state 147

    (54) PP -> PREPOSITIONS ARTICLES NOUNS PREPOSITIONS NOUNS . DETERMINANT

    DETERMINANT     shift and go to state 155


state 148

    (20) S -> VP VP VP ADJP LPAREN ADVP . RPAREN PUNCTUATION

    RPAREN          shift and go to state 156


state 149

    (8) S -> VP VP ADJP LPAREN ADVP RPAREN . PUNCTUATION

    PUNCTUATION     shift and go to state 157


state 150

    (21) S -> VP CP LPAREN CONJUNCTIONS VP RPAREN . PUNCTUATION

    PUNCTUATION     shift and go to state 158


state 151

    (12) S -> VP LPAREN VP PP RPAREN PUNCTUATION .

    $end            reduce using rule 12 (S -> VP LPAREN VP PP RPAREN PUNCTUATION .)


state 152

    (22) S -> VP LPAREN VERBS VERBS PP RPAREN . PUNCTUATION

    PUNCTUATION     shift and go to state 159


state 153

    (40) VP -> ARTICLES NOUNS VERBS ADVERBS VERBS VERBS . DETERMINANT

    DETERMINANT     shift and go to state 160


state 154

    (9) S -> ADVP VP PP LPAREN ADVP RPAREN PUNCTUATION .

    $end            reduce using rule 9 (S -> ADVP VP PP LPAREN ADVP RPAREN PUNCTUATION .)


state 155

    (54) PP -> PREPOSITIONS ARTICLES NOUNS PREPOSITIONS NOUNS DETERMINANT .

    PUNCTUATION     reduce using rule 54 (PP -> PREPOSITIONS ARTICLES NOUNS PREPOSITIONS NOUNS DETERMINANT .)
    DETERMINANT     reduce using rule 54 (PP -> PREPOSITIONS ARTICLES NOUNS PREPOSITIONS NOUNS DETERMINANT .)
    ARTICLES        reduce using rule 54 (PP -> PREPOSITIONS ARTICLES NOUNS PREPOSITIONS NOUNS DETERMINANT .)
    PRONOUNS        reduce using rule 54 (PP -> PREPOSITIONS ARTICLES NOUNS PREPOSITIONS NOUNS DETERMINANT .)
    NOUNS           reduce using rule 54 (PP -> PREPOSITIONS ARTICLES NOUNS PREPOSITIONS NOUNS DETERMINANT .)
    LPAREN          reduce using rule 54 (PP -> PREPOSITIONS ARTICLES NOUNS PREPOSITIONS NOUNS DETERMINANT .)
    VERBS           reduce using rule 54 (PP -> PREPOSITIONS ARTICLES NOUNS PREPOSITIONS NOUNS DETERMINANT .)
    PREPOSITIONS    reduce using rule 54 (PP -> PREPOSITIONS ARTICLES NOUNS PREPOSITIONS NOUNS DETERMINANT .)
    RPAREN          reduce using rule 54 (PP -> PREPOSITIONS ARTICLES NOUNS PREPOSITIONS NOUNS DETERMINANT .)
    CONJUNCTIONS    reduce using rule 54 (PP -> PREPOSITIONS ARTICLES NOUNS PREPOSITIONS NOUNS DETERMINANT .)
    ADVERBS         reduce using rule 54 (PP -> PREPOSITIONS ARTICLES NOUNS PREPOSITIONS NOUNS DETERMINANT .)


state 156

    (20) S -> VP VP VP ADJP LPAREN ADVP RPAREN . PUNCTUATION

    PUNCTUATION     shift and go to state 161


state 157

    (8) S -> VP VP ADJP LPAREN ADVP RPAREN PUNCTUATION .

    $end            reduce using rule 8 (S -> VP VP ADJP LPAREN ADVP RPAREN PUNCTUATION .)


state 158

    (21) S -> VP CP LPAREN CONJUNCTIONS VP RPAREN PUNCTUATION .

    $end            reduce using rule 21 (S -> VP CP LPAREN CONJUNCTIONS VP RPAREN PUNCTUATION .)


state 159

    (22) S -> VP LPAREN VERBS VERBS PP RPAREN PUNCTUATION .

    $end            reduce using rule 22 (S -> VP LPAREN VERBS VERBS PP RPAREN PUNCTUATION .)


state 160

    (40) VP -> ARTICLES NOUNS VERBS ADVERBS VERBS VERBS DETERMINANT .

    LPAREN          reduce using rule 40 (VP -> ARTICLES NOUNS VERBS ADVERBS VERBS VERBS DETERMINANT .)
    CONJUNCTIONS    reduce using rule 40 (VP -> ARTICLES NOUNS VERBS ADVERBS VERBS VERBS DETERMINANT .)
    VERBS           reduce using rule 40 (VP -> ARTICLES NOUNS VERBS ADVERBS VERBS VERBS DETERMINANT .)
    PRONOUNS        reduce using rule 40 (VP -> ARTICLES NOUNS VERBS ADVERBS VERBS VERBS DETERMINANT .)
    ARTICLES        reduce using rule 40 (VP -> ARTICLES NOUNS VERBS ADVERBS VERBS VERBS DETERMINANT .)
    NOUNS           reduce using rule 40 (VP -> ARTICLES NOUNS VERBS ADVERBS VERBS VERBS DETERMINANT .)
    DETERMINANT     reduce using rule 40 (VP -> ARTICLES NOUNS VERBS ADVERBS VERBS VERBS DETERMINANT .)
    ADVERBS         reduce using rule 40 (VP -> ARTICLES NOUNS VERBS ADVERBS VERBS VERBS DETERMINANT .)
    PREPOSITIONS    reduce using rule 40 (VP -> ARTICLES NOUNS VERBS ADVERBS VERBS VERBS DETERMINANT .)
    PUNCTUATION     reduce using rule 40 (VP -> ARTICLES NOUNS VERBS ADVERBS VERBS VERBS DETERMINANT .)
    RPAREN          reduce using rule 40 (VP -> ARTICLES NOUNS VERBS ADVERBS VERBS VERBS DETERMINANT .)


state 161

    (20) S -> VP VP VP ADJP LPAREN ADVP RPAREN PUNCTUATION .

    $end            reduce using rule 20 (S -> VP VP VP ADJP LPAREN ADVP RPAREN PUNCTUATION .)

WARNING: 
WARNING: Conflicts:
WARNING: 
WARNING: shift/reduce conflict for VERBS in state 30 resolved as shift
WARNING: shift/reduce conflict for NOUNS in state 32 resolved as shift
WARNING: shift/reduce conflict for DETERMINANT in state 35 resolved as shift
WARNING: shift/reduce conflict for ARTICLES in state 35 resolved as shift
WARNING: shift/reduce conflict for PRONOUNS in state 35 resolved as shift
WARNING: shift/reduce conflict for NOUNS in state 35 resolved as shift
WARNING: shift/reduce conflict for PRONOUNS in state 37 resolved as shift
WARNING: shift/reduce conflict for VERBS in state 37 resolved as shift
WARNING: shift/reduce conflict for ARTICLES in state 44 resolved as shift
WARNING: shift/reduce conflict for VERBS in state 44 resolved as shift
WARNING: shift/reduce conflict for PRONOUNS in state 44 resolved as shift
WARNING: shift/reduce conflict for PREPOSITIONS in state 47 resolved as shift
WARNING: shift/reduce conflict for NOUNS in state 82 resolved as shift
WARNING: shift/reduce conflict for PREPOSITIONS in state 99 resolved as shift
WARNING: shift/reduce conflict for PREPOSITIONS in state 99 resolved as shift
WARNING: shift/reduce conflict for NOUNS in state 101 resolved as shift
WARNING: shift/reduce conflict for NOUNS in state 119 resolved as shift
WARNING: reduce/reduce conflict in state 99 resolved using rule (NP -> ARTICLES NOUNS)
WARNING: rejected rule (PP -> PREPOSITIONS ARTICLES NOUNS) in state 99
WARNING: Rule (PP -> PREPOSITIONS ARTICLES NOUNS) is never reduced
